2022-02-08 14:52:21,724 [INFO] from play.api.db.DefaultDBApi in play-dev-mode-akka.actor.default-dispatcher-7 - Database [default] initialized
2022-02-08 14:52:21,727 [INFO] from play.api.db.HikariCPConnectionPool in play-dev-mode-akka.actor.default-dispatcher-7 - Creating Pool for datasource 'default'
2022-02-08 14:52:22,594 [ERROR] from play.api.db.evolutions.DefaultEvolutionsApi in play-dev-mode-akka.actor.default-dispatcher-7 - Error de Sintaxis en sentencia SQL "CREATE TABLE STEP (
ID                            BIGINT GENERATED BY DEFAULT AS IDENTITY NOT NULL,
DESCRIPTION                   VARCHAR(255),
ORDER[*]                         INTEGER,
PARENT_RECIPE_ID              BIGINT,
VERSION                       BIGINT NOT NULL,
WHEN_CREATED                  TIMESTAMP NOT NULL,
WHEN_MODIFIED                 TIMESTAMP NOT NULL,
CONSTRAINT UQ_STEP_DESCRIPTION UNIQUE (DESCRIPTION),
CONSTRAINT PK_STEP PRIMARY KEY (ID)
)"; se esperaba "identifier"
Syntax error in SQL statement "CREATE TABLE STEP (
ID                            BIGINT GENERATED BY DEFAULT AS IDENTITY NOT NULL,
DESCRIPTION                   VARCHAR(255),
ORDER[*]                         INTEGER,
PARENT_RECIPE_ID              BIGINT,
VERSION                       BIGINT NOT NULL,
WHEN_CREATED                  TIMESTAMP NOT NULL,
WHEN_MODIFIED                 TIMESTAMP NOT NULL,
CONSTRAINT UQ_STEP_DESCRIPTION UNIQUE (DESCRIPTION),
CONSTRAINT PK_STEP PRIMARY KEY (ID)
)"; expected "identifier"; SQL statement:
create table step (
id                            bigint generated by default as identity not null,
description                   varchar(255),
order                         integer,
parent_recipe_id              bigint,
version                       bigint not null,
when_created                  timestamp not null,
when_modified                 timestamp not null,
constraint uq_step_description unique (description),
constraint pk_step primary key (id)
) [42001-200] [ERROR:42001, SQLSTATE:42001]
2022-02-08 14:52:22,909 [ERROR] from play.api.http.DefaultHttpErrorHandler in play-dev-mode-akka.actor.default-dispatcher-7 - 

! @7minbg4ga - Internal server error, for (GET) [/@evolutions/resolve/default/1?redirect=http%3A%2F%2Flocalhost%3A9000%2F] ->
 
play.api.db.evolutions.InconsistentDatabase: Database 'default' is in an inconsistent state![An evolution has not been applied properly. Please check the problem and resolve it manually before marking it as resolved.]
	at play.api.db.evolutions.DatabaseEvolutions.$anonfun$checkEvolutionsState$3(EvolutionsApi.scala:305)
	at play.api.db.evolutions.DatabaseEvolutions.$anonfun$checkEvolutionsState$3$adapted(EvolutionsApi.scala:290)
	at play.api.db.evolutions.DatabaseEvolutions.executeQuery(EvolutionsApi.scala:337)
	at play.api.db.evolutions.DatabaseEvolutions.checkEvolutionsState(EvolutionsApi.scala:290)
	at play.api.db.evolutions.DatabaseEvolutions.databaseEvolutions(EvolutionsApi.scala:143)
	at play.api.db.evolutions.DatabaseEvolutions.scripts(EvolutionsApi.scala:118)
	at play.api.db.evolutions.DatabaseEvolutions.scripts(EvolutionsApi.scala:133)
	at play.api.db.evolutions.DefaultEvolutionsApi.scripts(EvolutionsApi.scala:98)
	at play.api.db.evolutions.ApplicationEvolutions$.$anonfun$runEvolutions$1(ApplicationEvolutions.scala:205)
	at play.api.db.evolutions.ApplicationEvolutions$.withLock(ApplicationEvolutions.scala:231)
	at play.api.db.evolutions.ApplicationEvolutions$.runEvolutions(ApplicationEvolutions.scala:201)
	at play.api.db.evolutions.ApplicationEvolutions.$anonfun$start$1(ApplicationEvolutions.scala:66)
	at play.api.db.evolutions.ApplicationEvolutions.$anonfun$start$1$adapted(ApplicationEvolutions.scala:61)
	at scala.collection.immutable.List.foreach(List.scala:333)
	at play.api.db.evolutions.ApplicationEvolutions.start(ApplicationEvolutions.scala:61)
	at play.api.db.evolutions.ApplicationEvolutions.<init>(ApplicationEvolutions.scala:109)
	at play.api.db.evolutions.ApplicationEvolutionsProvider.get$lzycompute(EvolutionsModule.scala:67)
	at play.api.db.evolutions.ApplicationEvolutionsProvider.get(EvolutionsModule.scala:60)
	at play.api.db.evolutions.ApplicationEvolutionsProvider.get(EvolutionsModule.scala:51)
	at com.google.inject.internal.ProviderInternalFactory.provision(ProviderInternalFactory.java:85)
	at com.google.inject.internal.BoundProviderFactory.provision(BoundProviderFactory.java:77)
	at com.google.inject.internal.ProviderInternalFactory.circularGet(ProviderInternalFactory.java:59)
	at com.google.inject.internal.BoundProviderFactory.get(BoundProviderFactory.java:61)
	at com.google.inject.internal.ProviderToInternalFactoryAdapter.get(ProviderToInternalFactoryAdapter.java:40)
	at com.google.inject.internal.SingletonScope$1.get(SingletonScope.java:168)
	at com.google.inject.internal.InternalFactoryToProviderAdapter.get(InternalFactoryToProviderAdapter.java:39)
	at com.google.inject.internal.InternalInjectorCreator.loadEagerSingletons(InternalInjectorCreator.java:213)
	at com.google.inject.internal.InternalInjectorCreator.injectDynamically(InternalInjectorCreator.java:184)
	at com.google.inject.internal.InternalInjectorCreator.build(InternalInjectorCreator.java:111)
	at com.google.inject.Guice.createInjector(Guice.java:87)
	at com.google.inject.Guice.createInjector(Guice.java:78)
	at play.api.inject.guice.GuiceBuilder.injector(GuiceInjectorBuilder.scala:200)
	at play.api.inject.guice.GuiceApplicationBuilder.build(GuiceApplicationBuilder.scala:155)
	at play.api.inject.guice.GuiceApplicationLoader.load(GuiceApplicationLoader.scala:21)
	at play.core.server.DevServerStart$$anon$1.$anonfun$reload$2(DevServerStart.scala:193)
	at play.utils.Threads$.withContextClassLoader(Threads.scala:22)
	at play.core.server.DevServerStart$$anon$1.reload(DevServerStart.scala:185)
	at play.core.server.DevServerStart$$anon$1.get(DevServerStart.scala:148)
	at play.core.server.AkkaHttpServer.handleRequest(AkkaHttpServer.scala:302)
	at play.core.server.AkkaHttpServer.$anonfun$createServerBinding$1(AkkaHttpServer.scala:224)
	at akka.stream.impl.fusing.MapAsync$$anon$30.onPush(Ops.scala:1307)
	at akka.stream.impl.fusing.GraphInterpreter.processPush(GraphInterpreter.scala:542)
	at akka.stream.impl.fusing.GraphInterpreter.processEvent(GraphInterpreter.scala:496)
	at akka.stream.impl.fusing.GraphInterpreter.execute(GraphInterpreter.scala:390)
	at akka.stream.impl.fusing.GraphInterpreterShell.runBatch(ActorGraphInterpreter.scala:650)
	at akka.stream.impl.fusing.GraphInterpreterShell$AsyncInput.execute(ActorGraphInterpreter.scala:521)
	at akka.stream.impl.fusing.GraphInterpreterShell.processEvent(ActorGraphInterpreter.scala:625)
	at akka.stream.impl.fusing.ActorGraphInterpreter.akka$stream$impl$fusing$ActorGraphInterpreter$$processEvent(ActorGraphInterpreter.scala:800)
	at akka.stream.impl.fusing.ActorGraphInterpreter$$anonfun$receive$1.applyOrElse(ActorGraphInterpreter.scala:818)
	at akka.actor.Actor.aroundReceive(Actor.scala:537)
	at akka.actor.Actor.aroundReceive$(Actor.scala:535)
	at akka.stream.impl.fusing.ActorGraphInterpreter.aroundReceive(ActorGraphInterpreter.scala:716)
	at akka.actor.ActorCell.receiveMessage(ActorCell.scala:580)
	at akka.actor.ActorCell.invoke(ActorCell.scala:548)
	at akka.dispatch.Mailbox.processMailbox(Mailbox.scala:270)
	at akka.dispatch.Mailbox.run(Mailbox.scala:231)
	at akka.dispatch.Mailbox.exec(Mailbox.scala:243)
	at java.util.concurrent.ForkJoinTask.doExec(ForkJoinTask.java:289)
	at java.util.concurrent.ForkJoinPool$WorkQueue.runTask(ForkJoinPool.java:1067)
	at java.util.concurrent.ForkJoinPool.runWorker(ForkJoinPool.java:1703)
	at java.util.concurrent.ForkJoinWorkerThread.run(ForkJoinWorkerThread.java:172)
2022-02-08 14:52:24,401 [ERROR] from play.api.http.DefaultHttpErrorHandler in play-dev-mode-akka.actor.default-dispatcher-4 - 

! @7minbg4ga - Internal server error, for (GET) [/@evolutions/resolve/default/1?redirect=http%3A%2F%2Flocalhost%3A9000%2F%40evolutions%2Fresolve%2Fdefault%2F1%3Fredirect%3Dhttp%253A%252F%252Flocalhost%253A9000%252F] ->
 
play.api.db.evolutions.InconsistentDatabase: Database 'default' is in an inconsistent state![An evolution has not been applied properly. Please check the problem and resolve it manually before marking it as resolved.]
	at play.api.db.evolutions.DatabaseEvolutions.$anonfun$checkEvolutionsState$3(EvolutionsApi.scala:305)
	at play.api.db.evolutions.DatabaseEvolutions.$anonfun$checkEvolutionsState$3$adapted(EvolutionsApi.scala:290)
	at play.api.db.evolutions.DatabaseEvolutions.executeQuery(EvolutionsApi.scala:337)
	at play.api.db.evolutions.DatabaseEvolutions.checkEvolutionsState(EvolutionsApi.scala:290)
	at play.api.db.evolutions.DatabaseEvolutions.databaseEvolutions(EvolutionsApi.scala:143)
	at play.api.db.evolutions.DatabaseEvolutions.scripts(EvolutionsApi.scala:118)
	at play.api.db.evolutions.DatabaseEvolutions.scripts(EvolutionsApi.scala:133)
	at play.api.db.evolutions.DefaultEvolutionsApi.scripts(EvolutionsApi.scala:98)
	at play.api.db.evolutions.ApplicationEvolutions$.$anonfun$runEvolutions$1(ApplicationEvolutions.scala:205)
	at play.api.db.evolutions.ApplicationEvolutions$.withLock(ApplicationEvolutions.scala:231)
	at play.api.db.evolutions.ApplicationEvolutions$.runEvolutions(ApplicationEvolutions.scala:201)
	at play.api.db.evolutions.ApplicationEvolutions.$anonfun$start$1(ApplicationEvolutions.scala:66)
	at play.api.db.evolutions.ApplicationEvolutions.$anonfun$start$1$adapted(ApplicationEvolutions.scala:61)
	at scala.collection.immutable.List.foreach(List.scala:333)
	at play.api.db.evolutions.ApplicationEvolutions.start(ApplicationEvolutions.scala:61)
	at play.api.db.evolutions.ApplicationEvolutions.<init>(ApplicationEvolutions.scala:109)
	at play.api.db.evolutions.ApplicationEvolutionsProvider.get$lzycompute(EvolutionsModule.scala:67)
	at play.api.db.evolutions.ApplicationEvolutionsProvider.get(EvolutionsModule.scala:60)
	at play.api.db.evolutions.ApplicationEvolutionsProvider.get(EvolutionsModule.scala:51)
	at com.google.inject.internal.ProviderInternalFactory.provision(ProviderInternalFactory.java:85)
	at com.google.inject.internal.BoundProviderFactory.provision(BoundProviderFactory.java:77)
	at com.google.inject.internal.ProviderInternalFactory.circularGet(ProviderInternalFactory.java:59)
	at com.google.inject.internal.BoundProviderFactory.get(BoundProviderFactory.java:61)
	at com.google.inject.internal.ProviderToInternalFactoryAdapter.get(ProviderToInternalFactoryAdapter.java:40)
	at com.google.inject.internal.SingletonScope$1.get(SingletonScope.java:168)
	at com.google.inject.internal.InternalFactoryToProviderAdapter.get(InternalFactoryToProviderAdapter.java:39)
	at com.google.inject.internal.InternalInjectorCreator.loadEagerSingletons(InternalInjectorCreator.java:213)
	at com.google.inject.internal.InternalInjectorCreator.injectDynamically(InternalInjectorCreator.java:184)
	at com.google.inject.internal.InternalInjectorCreator.build(InternalInjectorCreator.java:111)
	at com.google.inject.Guice.createInjector(Guice.java:87)
	at com.google.inject.Guice.createInjector(Guice.java:78)
	at play.api.inject.guice.GuiceBuilder.injector(GuiceInjectorBuilder.scala:200)
	at play.api.inject.guice.GuiceApplicationBuilder.build(GuiceApplicationBuilder.scala:155)
	at play.api.inject.guice.GuiceApplicationLoader.load(GuiceApplicationLoader.scala:21)
	at play.core.server.DevServerStart$$anon$1.$anonfun$reload$2(DevServerStart.scala:193)
	at play.utils.Threads$.withContextClassLoader(Threads.scala:22)
	at play.core.server.DevServerStart$$anon$1.reload(DevServerStart.scala:185)
	at play.core.server.DevServerStart$$anon$1.get(DevServerStart.scala:148)
	at play.core.server.AkkaHttpServer.handleRequest(AkkaHttpServer.scala:302)
	at play.core.server.AkkaHttpServer.$anonfun$createServerBinding$1(AkkaHttpServer.scala:224)
	at akka.stream.impl.fusing.MapAsync$$anon$30.onPush(Ops.scala:1307)
	at akka.stream.impl.fusing.GraphInterpreter.processPush(GraphInterpreter.scala:542)
	at akka.stream.impl.fusing.GraphInterpreter.processEvent(GraphInterpreter.scala:496)
	at akka.stream.impl.fusing.GraphInterpreter.execute(GraphInterpreter.scala:390)
	at akka.stream.impl.fusing.GraphInterpreterShell.runBatch(ActorGraphInterpreter.scala:650)
	at akka.stream.impl.fusing.GraphInterpreterShell$AsyncInput.execute(ActorGraphInterpreter.scala:521)
	at akka.stream.impl.fusing.GraphInterpreterShell.processEvent(ActorGraphInterpreter.scala:625)
	at akka.stream.impl.fusing.ActorGraphInterpreter.akka$stream$impl$fusing$ActorGraphInterpreter$$processEvent(ActorGraphInterpreter.scala:800)
	at akka.stream.impl.fusing.ActorGraphInterpreter$$anonfun$receive$1.applyOrElse(ActorGraphInterpreter.scala:818)
	at akka.actor.Actor.aroundReceive(Actor.scala:537)
	at akka.actor.Actor.aroundReceive$(Actor.scala:535)
	at akka.stream.impl.fusing.ActorGraphInterpreter.aroundReceive(ActorGraphInterpreter.scala:716)
	at akka.actor.ActorCell.receiveMessage(ActorCell.scala:580)
	at akka.actor.ActorCell.invoke(ActorCell.scala:548)
	at akka.dispatch.Mailbox.processMailbox(Mailbox.scala:270)
	at akka.dispatch.Mailbox.run(Mailbox.scala:231)
	at akka.dispatch.Mailbox.exec(Mailbox.scala:243)
	at java.util.concurrent.ForkJoinTask.doExec(ForkJoinTask.java:289)
	at java.util.concurrent.ForkJoinPool$WorkQueue.runTask(ForkJoinPool.java:1067)
	at java.util.concurrent.ForkJoinPool.runWorker(ForkJoinPool.java:1703)
	at java.util.concurrent.ForkJoinWorkerThread.run(ForkJoinWorkerThread.java:172)
2022-02-08 14:52:29,479 [ERROR] from play.api.http.DefaultHttpErrorHandler in play-dev-mode-akka.actor.default-dispatcher-9 - 

! @7minbg4ga - Internal server error, for (GET) [/] ->
 
play.api.db.evolutions.InconsistentDatabase: Database 'default' is in an inconsistent state![An evolution has not been applied properly. Please check the problem and resolve it manually before marking it as resolved.]
	at play.api.db.evolutions.DatabaseEvolutions.$anonfun$checkEvolutionsState$3(EvolutionsApi.scala:305)
	at play.api.db.evolutions.DatabaseEvolutions.$anonfun$checkEvolutionsState$3$adapted(EvolutionsApi.scala:290)
	at play.api.db.evolutions.DatabaseEvolutions.executeQuery(EvolutionsApi.scala:337)
	at play.api.db.evolutions.DatabaseEvolutions.checkEvolutionsState(EvolutionsApi.scala:290)
	at play.api.db.evolutions.DatabaseEvolutions.databaseEvolutions(EvolutionsApi.scala:143)
	at play.api.db.evolutions.DatabaseEvolutions.scripts(EvolutionsApi.scala:118)
	at play.api.db.evolutions.DatabaseEvolutions.scripts(EvolutionsApi.scala:133)
	at play.api.db.evolutions.DefaultEvolutionsApi.scripts(EvolutionsApi.scala:98)
	at play.api.db.evolutions.ApplicationEvolutions$.$anonfun$runEvolutions$1(ApplicationEvolutions.scala:205)
	at play.api.db.evolutions.ApplicationEvolutions$.withLock(ApplicationEvolutions.scala:231)
	at play.api.db.evolutions.ApplicationEvolutions$.runEvolutions(ApplicationEvolutions.scala:201)
	at play.api.db.evolutions.ApplicationEvolutions.$anonfun$start$1(ApplicationEvolutions.scala:66)
	at play.api.db.evolutions.ApplicationEvolutions.$anonfun$start$1$adapted(ApplicationEvolutions.scala:61)
	at scala.collection.immutable.List.foreach(List.scala:333)
	at play.api.db.evolutions.ApplicationEvolutions.start(ApplicationEvolutions.scala:61)
	at play.api.db.evolutions.ApplicationEvolutions.<init>(ApplicationEvolutions.scala:109)
	at play.api.db.evolutions.ApplicationEvolutionsProvider.get$lzycompute(EvolutionsModule.scala:67)
	at play.api.db.evolutions.ApplicationEvolutionsProvider.get(EvolutionsModule.scala:60)
	at play.api.db.evolutions.ApplicationEvolutionsProvider.get(EvolutionsModule.scala:51)
	at com.google.inject.internal.ProviderInternalFactory.provision(ProviderInternalFactory.java:85)
	at com.google.inject.internal.BoundProviderFactory.provision(BoundProviderFactory.java:77)
	at com.google.inject.internal.ProviderInternalFactory.circularGet(ProviderInternalFactory.java:59)
	at com.google.inject.internal.BoundProviderFactory.get(BoundProviderFactory.java:61)
	at com.google.inject.internal.ProviderToInternalFactoryAdapter.get(ProviderToInternalFactoryAdapter.java:40)
	at com.google.inject.internal.SingletonScope$1.get(SingletonScope.java:168)
	at com.google.inject.internal.InternalFactoryToProviderAdapter.get(InternalFactoryToProviderAdapter.java:39)
	at com.google.inject.internal.InternalInjectorCreator.loadEagerSingletons(InternalInjectorCreator.java:213)
	at com.google.inject.internal.InternalInjectorCreator.injectDynamically(InternalInjectorCreator.java:184)
	at com.google.inject.internal.InternalInjectorCreator.build(InternalInjectorCreator.java:111)
	at com.google.inject.Guice.createInjector(Guice.java:87)
	at com.google.inject.Guice.createInjector(Guice.java:78)
	at play.api.inject.guice.GuiceBuilder.injector(GuiceInjectorBuilder.scala:200)
	at play.api.inject.guice.GuiceApplicationBuilder.build(GuiceApplicationBuilder.scala:155)
	at play.api.inject.guice.GuiceApplicationLoader.load(GuiceApplicationLoader.scala:21)
	at play.core.server.DevServerStart$$anon$1.$anonfun$reload$2(DevServerStart.scala:193)
	at play.utils.Threads$.withContextClassLoader(Threads.scala:22)
	at play.core.server.DevServerStart$$anon$1.reload(DevServerStart.scala:185)
	at play.core.server.DevServerStart$$anon$1.get(DevServerStart.scala:148)
	at play.core.server.AkkaHttpServer.handleRequest(AkkaHttpServer.scala:302)
	at play.core.server.AkkaHttpServer.$anonfun$createServerBinding$1(AkkaHttpServer.scala:224)
	at akka.stream.impl.fusing.MapAsync$$anon$30.onPush(Ops.scala:1307)
	at akka.stream.impl.fusing.GraphInterpreter.processPush(GraphInterpreter.scala:542)
	at akka.stream.impl.fusing.GraphInterpreter.processEvent(GraphInterpreter.scala:496)
	at akka.stream.impl.fusing.GraphInterpreter.execute(GraphInterpreter.scala:390)
	at akka.stream.impl.fusing.GraphInterpreterShell.runBatch(ActorGraphInterpreter.scala:650)
	at akka.stream.impl.fusing.GraphInterpreterShell$AsyncInput.execute(ActorGraphInterpreter.scala:521)
	at akka.stream.impl.fusing.GraphInterpreterShell.processEvent(ActorGraphInterpreter.scala:625)
	at akka.stream.impl.fusing.ActorGraphInterpreter.akka$stream$impl$fusing$ActorGraphInterpreter$$processEvent(ActorGraphInterpreter.scala:800)
	at akka.stream.impl.fusing.ActorGraphInterpreter$$anonfun$receive$1.applyOrElse(ActorGraphInterpreter.scala:818)
	at akka.actor.Actor.aroundReceive(Actor.scala:537)
	at akka.actor.Actor.aroundReceive$(Actor.scala:535)
	at akka.stream.impl.fusing.ActorGraphInterpreter.aroundReceive(ActorGraphInterpreter.scala:716)
	at akka.actor.ActorCell.receiveMessage(ActorCell.scala:580)
	at akka.actor.ActorCell.invoke(ActorCell.scala:548)
	at akka.dispatch.Mailbox.processMailbox(Mailbox.scala:270)
	at akka.dispatch.Mailbox.run(Mailbox.scala:231)
	at akka.dispatch.Mailbox.exec(Mailbox.scala:243)
	at java.util.concurrent.ForkJoinTask.doExec(ForkJoinTask.java:289)
	at java.util.concurrent.ForkJoinPool$WorkQueue.runTask(ForkJoinPool.java:1067)
	at java.util.concurrent.ForkJoinPool.runWorker(ForkJoinPool.java:1703)
	at java.util.concurrent.ForkJoinWorkerThread.run(ForkJoinWorkerThread.java:172)
2022-02-08 14:52:44,311 [WARN] from com.sun.jna.Native in WatchService for /Users/fernandovillalba/Desktop/Máster/CloudComputing/Servicios REST/play-samples-play-java-hello-world-tutorial/app - JNA: Callback io.methvin.watchservice.MacOSXListeningWatchService$MacOSXListeningCallback@39e4bde4 threw the following exception
java.lang.IllegalStateException: Could not recursively list files for /
	at io.methvin.watchservice.MacOSXListeningWatchService$MacOSXListeningCallback.invoke(MacOSXListeningWatchService.java:268)
	at sun.reflect.NativeMethodAccessorImpl.invoke0(Native Method)
	at sun.reflect.NativeMethodAccessorImpl.invoke(NativeMethodAccessorImpl.java:62)
	at sun.reflect.DelegatingMethodAccessorImpl.invoke(DelegatingMethodAccessorImpl.java:43)
	at java.lang.reflect.Method.invoke(Method.java:498)
	at com.sun.jna.CallbackReference$DefaultCallbackProxy.invokeCallback(CallbackReference.java:520)
	at com.sun.jna.CallbackReference$DefaultCallbackProxy.callback(CallbackReference.java:551)
	at com.sun.jna.Native.invokeVoid(Native Method)
	at com.sun.jna.Function.invoke(Function.java:415)
	at com.sun.jna.Function.invoke(Function.java:361)
	at com.sun.jna.Library$Handler.invoke(Library.java:265)
	at com.sun.proxy.$Proxy13.CFRunLoopRun(Unknown Source)
	at io.methvin.watchservice.MacOSXListeningWatchService$CFRunLoopThread.run(MacOSXListeningWatchService.java:179)
Caused by: java.nio.file.AccessDeniedException: /usr/sbin/authserver
	at sun.nio.fs.UnixException.translateToIOException(UnixException.java:84)
	at sun.nio.fs.UnixException.rethrowAsIOException(UnixException.java:102)
	at sun.nio.fs.UnixException.rethrowAsIOException(UnixException.java:107)
	at sun.nio.fs.UnixFileSystemProvider.newDirectoryStream(UnixFileSystemProvider.java:407)
	at java.nio.file.Files.newDirectoryStream(Files.java:457)
	at java.nio.file.FileTreeWalker.visit(FileTreeWalker.java:300)
	at java.nio.file.FileTreeWalker.next(FileTreeWalker.java:372)
	at java.nio.file.Files.walkFileTree(Files.java:2706)
	at java.nio.file.Files.walkFileTree(Files.java:2742)
	at io.methvin.watcher.PathUtils.recursiveVisitFiles(PathUtils.java:108)
	at io.methvin.watcher.PathUtils.recursiveListFiles(PathUtils.java:97)
	at io.methvin.watchservice.MacOSXListeningWatchService$MacOSXListeningCallback.invoke(MacOSXListeningWatchService.java:266)
	... 12 common frames omitted
2022-02-08 14:52:44,311 [WARN] from com.sun.jna.Native in WatchService for /Users/fernandovillalba/Desktop/Máster/CloudComputing/Servicios REST/play-samples-play-java-hello-world-tutorial/conf - JNA: Callback io.methvin.watchservice.MacOSXListeningWatchService$MacOSXListeningCallback@5561e33e threw the following exception
java.lang.IllegalStateException: Could not recursively list files for /
	at io.methvin.watchservice.MacOSXListeningWatchService$MacOSXListeningCallback.invoke(MacOSXListeningWatchService.java:268)
	at sun.reflect.NativeMethodAccessorImpl.invoke0(Native Method)
	at sun.reflect.NativeMethodAccessorImpl.invoke(NativeMethodAccessorImpl.java:62)
	at sun.reflect.DelegatingMethodAccessorImpl.invoke(DelegatingMethodAccessorImpl.java:43)
	at java.lang.reflect.Method.invoke(Method.java:498)
	at com.sun.jna.CallbackReference$DefaultCallbackProxy.invokeCallback(CallbackReference.java:520)
	at com.sun.jna.CallbackReference$DefaultCallbackProxy.callback(CallbackReference.java:551)
	at com.sun.jna.Native.invokeVoid(Native Method)
	at com.sun.jna.Function.invoke(Function.java:415)
	at com.sun.jna.Function.invoke(Function.java:361)
	at com.sun.jna.Library$Handler.invoke(Library.java:265)
	at com.sun.proxy.$Proxy13.CFRunLoopRun(Unknown Source)
	at io.methvin.watchservice.MacOSXListeningWatchService$CFRunLoopThread.run(MacOSXListeningWatchService.java:179)
Caused by: java.nio.file.AccessDeniedException: /usr/sbin/authserver
	at sun.nio.fs.UnixException.translateToIOException(UnixException.java:84)
	at sun.nio.fs.UnixException.rethrowAsIOException(UnixException.java:102)
	at sun.nio.fs.UnixException.rethrowAsIOException(UnixException.java:107)
	at sun.nio.fs.UnixFileSystemProvider.newDirectoryStream(UnixFileSystemProvider.java:407)
	at java.nio.file.Files.newDirectoryStream(Files.java:457)
	at java.nio.file.FileTreeWalker.visit(FileTreeWalker.java:300)
	at java.nio.file.FileTreeWalker.next(FileTreeWalker.java:372)
	at java.nio.file.Files.walkFileTree(Files.java:2706)
	at java.nio.file.Files.walkFileTree(Files.java:2742)
	at io.methvin.watcher.PathUtils.recursiveVisitFiles(PathUtils.java:108)
	at io.methvin.watcher.PathUtils.recursiveListFiles(PathUtils.java:97)
	at io.methvin.watchservice.MacOSXListeningWatchService$MacOSXListeningCallback.invoke(MacOSXListeningWatchService.java:266)
	... 12 common frames omitted
