2022-02-12 18:50:45,217 [INFO] from play.api.db.DefaultDBApi in play-dev-mode-akka.actor.default-dispatcher-11 - Database [default] initialized
2022-02-12 18:50:45,220 [INFO] from play.api.db.HikariCPConnectionPool in play-dev-mode-akka.actor.default-dispatcher-11 - Creating Pool for datasource 'default'
2022-02-12 18:50:46,249 [INFO] from play.api.http.EnabledFilters in play-dev-mode-akka.actor.default-dispatcher-11 - Enabled Filters (see <https://www.playframework.com/documentation/latest/Filters>):

    play.filters.csrf.CSRFFilter
    play.filters.headers.SecurityHeadersFilter
    play.filters.hosts.AllowedHostsFilter

2022-02-12 18:50:46,450 [INFO] from play.api.Play in play-dev-mode-akka.actor.default-dispatcher-11 - Application started (Dev) (no global state)
2022-02-12 18:52:19,850 [WARN] from com.sun.jna.Native in WatchService for /Users/fernandovillalba/Desktop/Máster/CloudComputing/Servicios REST/play-samples-play-java-hello-world-tutorial/app - JNA: Callback io.methvin.watchservice.MacOSXListeningWatchService$MacOSXListeningCallback@32193119 threw the following exception
java.lang.IllegalStateException: Could not recursively list files for /
	at io.methvin.watchservice.MacOSXListeningWatchService$MacOSXListeningCallback.invoke(MacOSXListeningWatchService.java:268)
	at sun.reflect.NativeMethodAccessorImpl.invoke0(Native Method)
	at sun.reflect.NativeMethodAccessorImpl.invoke(NativeMethodAccessorImpl.java:62)
	at sun.reflect.DelegatingMethodAccessorImpl.invoke(DelegatingMethodAccessorImpl.java:43)
	at java.lang.reflect.Method.invoke(Method.java:498)
	at com.sun.jna.CallbackReference$DefaultCallbackProxy.invokeCallback(CallbackReference.java:520)
	at com.sun.jna.CallbackReference$DefaultCallbackProxy.callback(CallbackReference.java:551)
	at com.sun.jna.Native.invokeVoid(Native Method)
	at com.sun.jna.Function.invoke(Function.java:415)
	at com.sun.jna.Function.invoke(Function.java:361)
	at com.sun.jna.Library$Handler.invoke(Library.java:265)
	at com.sun.proxy.$Proxy13.CFRunLoopRun(Unknown Source)
	at io.methvin.watchservice.MacOSXListeningWatchService$CFRunLoopThread.run(MacOSXListeningWatchService.java:179)
Caused by: java.nio.file.AccessDeniedException: /usr/sbin/authserver
	at sun.nio.fs.UnixException.translateToIOException(UnixException.java:84)
	at sun.nio.fs.UnixException.rethrowAsIOException(UnixException.java:102)
	at sun.nio.fs.UnixException.rethrowAsIOException(UnixException.java:107)
	at sun.nio.fs.UnixFileSystemProvider.newDirectoryStream(UnixFileSystemProvider.java:407)
	at java.nio.file.Files.newDirectoryStream(Files.java:457)
	at java.nio.file.FileTreeWalker.visit(FileTreeWalker.java:300)
	at java.nio.file.FileTreeWalker.next(FileTreeWalker.java:372)
	at java.nio.file.Files.walkFileTree(Files.java:2706)
	at java.nio.file.Files.walkFileTree(Files.java:2742)
	at io.methvin.watcher.PathUtils.recursiveVisitFiles(PathUtils.java:108)
	at io.methvin.watcher.PathUtils.recursiveListFiles(PathUtils.java:97)
	at io.methvin.watchservice.MacOSXListeningWatchService$MacOSXListeningCallback.invoke(MacOSXListeningWatchService.java:266)
	... 12 common frames omitted
2022-02-12 18:53:02,667 [WARN] from com.sun.jna.Native in WatchService for /Users/fernandovillalba/Desktop/Máster/CloudComputing/Servicios REST/play-samples-play-java-hello-world-tutorial/app - JNA: Callback io.methvin.watchservice.MacOSXListeningWatchService$MacOSXListeningCallback@32193119 threw the following exception
java.lang.IllegalStateException: Could not recursively list files for /
	at io.methvin.watchservice.MacOSXListeningWatchService$MacOSXListeningCallback.invoke(MacOSXListeningWatchService.java:268)
	at sun.reflect.NativeMethodAccessorImpl.invoke0(Native Method)
	at sun.reflect.NativeMethodAccessorImpl.invoke(NativeMethodAccessorImpl.java:62)
	at sun.reflect.DelegatingMethodAccessorImpl.invoke(DelegatingMethodAccessorImpl.java:43)
	at java.lang.reflect.Method.invoke(Method.java:498)
	at com.sun.jna.CallbackReference$DefaultCallbackProxy.invokeCallback(CallbackReference.java:520)
	at com.sun.jna.CallbackReference$DefaultCallbackProxy.callback(CallbackReference.java:551)
	at com.sun.jna.Native.invokeVoid(Native Method)
	at com.sun.jna.Function.invoke(Function.java:415)
	at com.sun.jna.Function.invoke(Function.java:361)
	at com.sun.jna.Library$Handler.invoke(Library.java:265)
	at com.sun.proxy.$Proxy13.CFRunLoopRun(Unknown Source)
	at io.methvin.watchservice.MacOSXListeningWatchService$CFRunLoopThread.run(MacOSXListeningWatchService.java:179)
Caused by: java.nio.file.AccessDeniedException: /usr/sbin/authserver
	at sun.nio.fs.UnixException.translateToIOException(UnixException.java:84)
	at sun.nio.fs.UnixException.rethrowAsIOException(UnixException.java:102)
	at sun.nio.fs.UnixException.rethrowAsIOException(UnixException.java:107)
	at sun.nio.fs.UnixFileSystemProvider.newDirectoryStream(UnixFileSystemProvider.java:407)
	at java.nio.file.Files.newDirectoryStream(Files.java:457)
	at java.nio.file.FileTreeWalker.visit(FileTreeWalker.java:300)
	at java.nio.file.FileTreeWalker.next(FileTreeWalker.java:372)
	at java.nio.file.Files.walkFileTree(Files.java:2706)
	at java.nio.file.Files.walkFileTree(Files.java:2742)
	at io.methvin.watcher.PathUtils.recursiveVisitFiles(PathUtils.java:108)
	at io.methvin.watcher.PathUtils.recursiveListFiles(PathUtils.java:97)
	at io.methvin.watchservice.MacOSXListeningWatchService$MacOSXListeningCallback.invoke(MacOSXListeningWatchService.java:266)
	... 12 common frames omitted
2022-02-12 18:53:06,341 [WARN] from com.sun.jna.Native in WatchService for /Users/fernandovillalba/Desktop/Máster/CloudComputing/Servicios REST/play-samples-play-java-hello-world-tutorial/app - JNA: Callback io.methvin.watchservice.MacOSXListeningWatchService$MacOSXListeningCallback@32193119 threw the following exception
java.lang.IllegalStateException: Could not recursively list files for /
	at io.methvin.watchservice.MacOSXListeningWatchService$MacOSXListeningCallback.invoke(MacOSXListeningWatchService.java:268)
	at sun.reflect.NativeMethodAccessorImpl.invoke0(Native Method)
	at sun.reflect.NativeMethodAccessorImpl.invoke(NativeMethodAccessorImpl.java:62)
	at sun.reflect.DelegatingMethodAccessorImpl.invoke(DelegatingMethodAccessorImpl.java:43)
	at java.lang.reflect.Method.invoke(Method.java:498)
	at com.sun.jna.CallbackReference$DefaultCallbackProxy.invokeCallback(CallbackReference.java:520)
	at com.sun.jna.CallbackReference$DefaultCallbackProxy.callback(CallbackReference.java:551)
	at com.sun.jna.Native.invokeVoid(Native Method)
	at com.sun.jna.Function.invoke(Function.java:415)
	at com.sun.jna.Function.invoke(Function.java:361)
	at com.sun.jna.Library$Handler.invoke(Library.java:265)
	at com.sun.proxy.$Proxy13.CFRunLoopRun(Unknown Source)
	at io.methvin.watchservice.MacOSXListeningWatchService$CFRunLoopThread.run(MacOSXListeningWatchService.java:179)
Caused by: java.nio.file.AccessDeniedException: /usr/sbin/authserver
	at sun.nio.fs.UnixException.translateToIOException(UnixException.java:84)
	at sun.nio.fs.UnixException.rethrowAsIOException(UnixException.java:102)
	at sun.nio.fs.UnixException.rethrowAsIOException(UnixException.java:107)
	at sun.nio.fs.UnixFileSystemProvider.newDirectoryStream(UnixFileSystemProvider.java:407)
	at java.nio.file.Files.newDirectoryStream(Files.java:457)
	at java.nio.file.FileTreeWalker.visit(FileTreeWalker.java:300)
	at java.nio.file.FileTreeWalker.next(FileTreeWalker.java:372)
	at java.nio.file.Files.walkFileTree(Files.java:2706)
	at java.nio.file.Files.walkFileTree(Files.java:2742)
	at io.methvin.watcher.PathUtils.recursiveVisitFiles(PathUtils.java:108)
	at io.methvin.watcher.PathUtils.recursiveListFiles(PathUtils.java:97)
	at io.methvin.watchservice.MacOSXListeningWatchService$MacOSXListeningCallback.invoke(MacOSXListeningWatchService.java:266)
	... 12 common frames omitted
2022-02-12 18:53:41,422 [WARN] from com.sun.jna.Native in WatchService for /Users/fernandovillalba/Desktop/Máster/CloudComputing/Servicios REST/play-samples-play-java-hello-world-tutorial/app - JNA: Callback io.methvin.watchservice.MacOSXListeningWatchService$MacOSXListeningCallback@32193119 threw the following exception
java.lang.IllegalStateException: Could not recursively list files for /
	at io.methvin.watchservice.MacOSXListeningWatchService$MacOSXListeningCallback.invoke(MacOSXListeningWatchService.java:268)
	at sun.reflect.NativeMethodAccessorImpl.invoke0(Native Method)
	at sun.reflect.NativeMethodAccessorImpl.invoke(NativeMethodAccessorImpl.java:62)
	at sun.reflect.DelegatingMethodAccessorImpl.invoke(DelegatingMethodAccessorImpl.java:43)
	at java.lang.reflect.Method.invoke(Method.java:498)
	at com.sun.jna.CallbackReference$DefaultCallbackProxy.invokeCallback(CallbackReference.java:520)
	at com.sun.jna.CallbackReference$DefaultCallbackProxy.callback(CallbackReference.java:551)
	at com.sun.jna.Native.invokeVoid(Native Method)
	at com.sun.jna.Function.invoke(Function.java:415)
	at com.sun.jna.Function.invoke(Function.java:361)
	at com.sun.jna.Library$Handler.invoke(Library.java:265)
	at com.sun.proxy.$Proxy13.CFRunLoopRun(Unknown Source)
	at io.methvin.watchservice.MacOSXListeningWatchService$CFRunLoopThread.run(MacOSXListeningWatchService.java:179)
Caused by: java.nio.file.AccessDeniedException: /usr/sbin/authserver
	at sun.nio.fs.UnixException.translateToIOException(UnixException.java:84)
	at sun.nio.fs.UnixException.rethrowAsIOException(UnixException.java:102)
	at sun.nio.fs.UnixException.rethrowAsIOException(UnixException.java:107)
	at sun.nio.fs.UnixFileSystemProvider.newDirectoryStream(UnixFileSystemProvider.java:407)
	at java.nio.file.Files.newDirectoryStream(Files.java:457)
	at java.nio.file.FileTreeWalker.visit(FileTreeWalker.java:300)
	at java.nio.file.FileTreeWalker.next(FileTreeWalker.java:372)
	at java.nio.file.Files.walkFileTree(Files.java:2706)
	at java.nio.file.Files.walkFileTree(Files.java:2742)
	at io.methvin.watcher.PathUtils.recursiveVisitFiles(PathUtils.java:108)
	at io.methvin.watcher.PathUtils.recursiveListFiles(PathUtils.java:97)
	at io.methvin.watchservice.MacOSXListeningWatchService$MacOSXListeningCallback.invoke(MacOSXListeningWatchService.java:266)
	... 12 common frames omitted
2022-02-12 18:54:12,456 [WARN] from com.sun.jna.Native in WatchService for /Users/fernandovillalba/Desktop/Máster/CloudComputing/Servicios REST/play-samples-play-java-hello-world-tutorial/app - JNA: Callback io.methvin.watchservice.MacOSXListeningWatchService$MacOSXListeningCallback@32193119 threw the following exception
java.lang.IllegalStateException: Could not recursively list files for /
	at io.methvin.watchservice.MacOSXListeningWatchService$MacOSXListeningCallback.invoke(MacOSXListeningWatchService.java:268)
	at sun.reflect.GeneratedMethodAccessor11.invoke(Unknown Source)
	at sun.reflect.DelegatingMethodAccessorImpl.invoke(DelegatingMethodAccessorImpl.java:43)
	at java.lang.reflect.Method.invoke(Method.java:498)
	at com.sun.jna.CallbackReference$DefaultCallbackProxy.invokeCallback(CallbackReference.java:520)
	at com.sun.jna.CallbackReference$DefaultCallbackProxy.callback(CallbackReference.java:551)
	at com.sun.jna.Native.invokeVoid(Native Method)
	at com.sun.jna.Function.invoke(Function.java:415)
	at com.sun.jna.Function.invoke(Function.java:361)
	at com.sun.jna.Library$Handler.invoke(Library.java:265)
	at com.sun.proxy.$Proxy13.CFRunLoopRun(Unknown Source)
	at io.methvin.watchservice.MacOSXListeningWatchService$CFRunLoopThread.run(MacOSXListeningWatchService.java:179)
Caused by: java.nio.file.AccessDeniedException: /usr/sbin/authserver
	at sun.nio.fs.UnixException.translateToIOException(UnixException.java:84)
	at sun.nio.fs.UnixException.rethrowAsIOException(UnixException.java:102)
	at sun.nio.fs.UnixException.rethrowAsIOException(UnixException.java:107)
	at sun.nio.fs.UnixFileSystemProvider.newDirectoryStream(UnixFileSystemProvider.java:407)
	at java.nio.file.Files.newDirectoryStream(Files.java:457)
	at java.nio.file.FileTreeWalker.visit(FileTreeWalker.java:300)
	at java.nio.file.FileTreeWalker.next(FileTreeWalker.java:372)
	at java.nio.file.Files.walkFileTree(Files.java:2706)
	at java.nio.file.Files.walkFileTree(Files.java:2742)
	at io.methvin.watcher.PathUtils.recursiveVisitFiles(PathUtils.java:108)
	at io.methvin.watcher.PathUtils.recursiveListFiles(PathUtils.java:97)
	at io.methvin.watchservice.MacOSXListeningWatchService$MacOSXListeningCallback.invoke(MacOSXListeningWatchService.java:266)
	... 11 common frames omitted
2022-02-12 18:54:36,658 [WARN] from com.sun.jna.Native in WatchService for /Users/fernandovillalba/Desktop/Máster/CloudComputing/Servicios REST/play-samples-play-java-hello-world-tutorial/app - JNA: Callback io.methvin.watchservice.MacOSXListeningWatchService$MacOSXListeningCallback@32193119 threw the following exception
java.lang.IllegalStateException: Could not recursively list files for /
	at io.methvin.watchservice.MacOSXListeningWatchService$MacOSXListeningCallback.invoke(MacOSXListeningWatchService.java:268)
	at sun.reflect.GeneratedMethodAccessor11.invoke(Unknown Source)
	at sun.reflect.DelegatingMethodAccessorImpl.invoke(DelegatingMethodAccessorImpl.java:43)
	at java.lang.reflect.Method.invoke(Method.java:498)
	at com.sun.jna.CallbackReference$DefaultCallbackProxy.invokeCallback(CallbackReference.java:520)
	at com.sun.jna.CallbackReference$DefaultCallbackProxy.callback(CallbackReference.java:551)
	at com.sun.jna.Native.invokeVoid(Native Method)
	at com.sun.jna.Function.invoke(Function.java:415)
	at com.sun.jna.Function.invoke(Function.java:361)
	at com.sun.jna.Library$Handler.invoke(Library.java:265)
	at com.sun.proxy.$Proxy13.CFRunLoopRun(Unknown Source)
	at io.methvin.watchservice.MacOSXListeningWatchService$CFRunLoopThread.run(MacOSXListeningWatchService.java:179)
Caused by: java.nio.file.AccessDeniedException: /usr/sbin/authserver
	at sun.nio.fs.UnixException.translateToIOException(UnixException.java:84)
	at sun.nio.fs.UnixException.rethrowAsIOException(UnixException.java:102)
	at sun.nio.fs.UnixException.rethrowAsIOException(UnixException.java:107)
	at sun.nio.fs.UnixFileSystemProvider.newDirectoryStream(UnixFileSystemProvider.java:407)
	at java.nio.file.Files.newDirectoryStream(Files.java:457)
	at java.nio.file.FileTreeWalker.visit(FileTreeWalker.java:300)
	at java.nio.file.FileTreeWalker.next(FileTreeWalker.java:372)
	at java.nio.file.Files.walkFileTree(Files.java:2706)
	at java.nio.file.Files.walkFileTree(Files.java:2742)
	at io.methvin.watcher.PathUtils.recursiveVisitFiles(PathUtils.java:108)
	at io.methvin.watcher.PathUtils.recursiveListFiles(PathUtils.java:97)
	at io.methvin.watchservice.MacOSXListeningWatchService$MacOSXListeningCallback.invoke(MacOSXListeningWatchService.java:266)
	... 11 common frames omitted
2022-02-12 18:55:06,327 [WARN] from com.sun.jna.Native in WatchService for /Users/fernandovillalba/Desktop/Máster/CloudComputing/Servicios REST/play-samples-play-java-hello-world-tutorial/app - JNA: Callback io.methvin.watchservice.MacOSXListeningWatchService$MacOSXListeningCallback@32193119 threw the following exception
java.lang.IllegalStateException: Could not recursively list files for /
	at io.methvin.watchservice.MacOSXListeningWatchService$MacOSXListeningCallback.invoke(MacOSXListeningWatchService.java:268)
	at sun.reflect.GeneratedMethodAccessor11.invoke(Unknown Source)
	at sun.reflect.DelegatingMethodAccessorImpl.invoke(DelegatingMethodAccessorImpl.java:43)
	at java.lang.reflect.Method.invoke(Method.java:498)
	at com.sun.jna.CallbackReference$DefaultCallbackProxy.invokeCallback(CallbackReference.java:520)
	at com.sun.jna.CallbackReference$DefaultCallbackProxy.callback(CallbackReference.java:551)
	at com.sun.jna.Native.invokeVoid(Native Method)
	at com.sun.jna.Function.invoke(Function.java:415)
	at com.sun.jna.Function.invoke(Function.java:361)
	at com.sun.jna.Library$Handler.invoke(Library.java:265)
	at com.sun.proxy.$Proxy13.CFRunLoopRun(Unknown Source)
	at io.methvin.watchservice.MacOSXListeningWatchService$CFRunLoopThread.run(MacOSXListeningWatchService.java:179)
Caused by: java.nio.file.AccessDeniedException: /usr/sbin/authserver
	at sun.nio.fs.UnixException.translateToIOException(UnixException.java:84)
	at sun.nio.fs.UnixException.rethrowAsIOException(UnixException.java:102)
	at sun.nio.fs.UnixException.rethrowAsIOException(UnixException.java:107)
	at sun.nio.fs.UnixFileSystemProvider.newDirectoryStream(UnixFileSystemProvider.java:407)
	at java.nio.file.Files.newDirectoryStream(Files.java:457)
	at java.nio.file.FileTreeWalker.visit(FileTreeWalker.java:300)
	at java.nio.file.FileTreeWalker.next(FileTreeWalker.java:372)
	at java.nio.file.Files.walkFileTree(Files.java:2706)
	at java.nio.file.Files.walkFileTree(Files.java:2742)
	at io.methvin.watcher.PathUtils.recursiveVisitFiles(PathUtils.java:108)
	at io.methvin.watcher.PathUtils.recursiveListFiles(PathUtils.java:97)
	at io.methvin.watchservice.MacOSXListeningWatchService$MacOSXListeningCallback.invoke(MacOSXListeningWatchService.java:266)
	... 11 common frames omitted
2022-02-12 18:55:08,704 [WARN] from com.sun.jna.Native in WatchService for /Users/fernandovillalba/Desktop/Máster/CloudComputing/Servicios REST/play-samples-play-java-hello-world-tutorial/app - JNA: Callback io.methvin.watchservice.MacOSXListeningWatchService$MacOSXListeningCallback@32193119 threw the following exception
java.lang.IllegalStateException: Could not recursively list files for /
	at io.methvin.watchservice.MacOSXListeningWatchService$MacOSXListeningCallback.invoke(MacOSXListeningWatchService.java:268)
	at sun.reflect.GeneratedMethodAccessor11.invoke(Unknown Source)
	at sun.reflect.DelegatingMethodAccessorImpl.invoke(DelegatingMethodAccessorImpl.java:43)
	at java.lang.reflect.Method.invoke(Method.java:498)
	at com.sun.jna.CallbackReference$DefaultCallbackProxy.invokeCallback(CallbackReference.java:520)
	at com.sun.jna.CallbackReference$DefaultCallbackProxy.callback(CallbackReference.java:551)
	at com.sun.jna.Native.invokeVoid(Native Method)
	at com.sun.jna.Function.invoke(Function.java:415)
	at com.sun.jna.Function.invoke(Function.java:361)
	at com.sun.jna.Library$Handler.invoke(Library.java:265)
	at com.sun.proxy.$Proxy13.CFRunLoopRun(Unknown Source)
	at io.methvin.watchservice.MacOSXListeningWatchService$CFRunLoopThread.run(MacOSXListeningWatchService.java:179)
Caused by: java.nio.file.AccessDeniedException: /usr/sbin/authserver
	at sun.nio.fs.UnixException.translateToIOException(UnixException.java:84)
	at sun.nio.fs.UnixException.rethrowAsIOException(UnixException.java:102)
	at sun.nio.fs.UnixException.rethrowAsIOException(UnixException.java:107)
	at sun.nio.fs.UnixFileSystemProvider.newDirectoryStream(UnixFileSystemProvider.java:407)
	at java.nio.file.Files.newDirectoryStream(Files.java:457)
	at java.nio.file.FileTreeWalker.visit(FileTreeWalker.java:300)
	at java.nio.file.FileTreeWalker.next(FileTreeWalker.java:372)
	at java.nio.file.Files.walkFileTree(Files.java:2706)
	at java.nio.file.Files.walkFileTree(Files.java:2742)
	at io.methvin.watcher.PathUtils.recursiveVisitFiles(PathUtils.java:108)
	at io.methvin.watcher.PathUtils.recursiveListFiles(PathUtils.java:97)
	at io.methvin.watchservice.MacOSXListeningWatchService$MacOSXListeningCallback.invoke(MacOSXListeningWatchService.java:266)
	... 11 common frames omitted
2022-02-12 18:55:09,205 [WARN] from com.sun.jna.Native in WatchService for /Users/fernandovillalba/Desktop/Máster/CloudComputing/Servicios REST/play-samples-play-java-hello-world-tutorial/app - JNA: Callback io.methvin.watchservice.MacOSXListeningWatchService$MacOSXListeningCallback@32193119 threw the following exception
java.lang.IllegalStateException: Could not recursively list files for /
	at io.methvin.watchservice.MacOSXListeningWatchService$MacOSXListeningCallback.invoke(MacOSXListeningWatchService.java:268)
	at sun.reflect.GeneratedMethodAccessor11.invoke(Unknown Source)
	at sun.reflect.DelegatingMethodAccessorImpl.invoke(DelegatingMethodAccessorImpl.java:43)
	at java.lang.reflect.Method.invoke(Method.java:498)
	at com.sun.jna.CallbackReference$DefaultCallbackProxy.invokeCallback(CallbackReference.java:520)
	at com.sun.jna.CallbackReference$DefaultCallbackProxy.callback(CallbackReference.java:551)
	at com.sun.jna.Native.invokeVoid(Native Method)
	at com.sun.jna.Function.invoke(Function.java:415)
	at com.sun.jna.Function.invoke(Function.java:361)
	at com.sun.jna.Library$Handler.invoke(Library.java:265)
	at com.sun.proxy.$Proxy13.CFRunLoopRun(Unknown Source)
	at io.methvin.watchservice.MacOSXListeningWatchService$CFRunLoopThread.run(MacOSXListeningWatchService.java:179)
Caused by: java.nio.file.AccessDeniedException: /usr/sbin/authserver
	at sun.nio.fs.UnixException.translateToIOException(UnixException.java:84)
	at sun.nio.fs.UnixException.rethrowAsIOException(UnixException.java:102)
	at sun.nio.fs.UnixException.rethrowAsIOException(UnixException.java:107)
	at sun.nio.fs.UnixFileSystemProvider.newDirectoryStream(UnixFileSystemProvider.java:407)
	at java.nio.file.Files.newDirectoryStream(Files.java:457)
	at java.nio.file.FileTreeWalker.visit(FileTreeWalker.java:300)
	at java.nio.file.FileTreeWalker.next(FileTreeWalker.java:372)
	at java.nio.file.Files.walkFileTree(Files.java:2706)
	at java.nio.file.Files.walkFileTree(Files.java:2742)
	at io.methvin.watcher.PathUtils.recursiveVisitFiles(PathUtils.java:108)
	at io.methvin.watcher.PathUtils.recursiveListFiles(PathUtils.java:97)
	at io.methvin.watchservice.MacOSXListeningWatchService$MacOSXListeningCallback.invoke(MacOSXListeningWatchService.java:266)
	... 11 common frames omitted
2022-02-12 18:55:12,958 [WARN] from com.sun.jna.Native in WatchService for /Users/fernandovillalba/Desktop/Máster/CloudComputing/Servicios REST/play-samples-play-java-hello-world-tutorial/app - JNA: Callback io.methvin.watchservice.MacOSXListeningWatchService$MacOSXListeningCallback@32193119 threw the following exception
java.lang.IllegalStateException: Could not recursively list files for /
	at io.methvin.watchservice.MacOSXListeningWatchService$MacOSXListeningCallback.invoke(MacOSXListeningWatchService.java:268)
	at sun.reflect.GeneratedMethodAccessor11.invoke(Unknown Source)
	at sun.reflect.DelegatingMethodAccessorImpl.invoke(DelegatingMethodAccessorImpl.java:43)
	at java.lang.reflect.Method.invoke(Method.java:498)
	at com.sun.jna.CallbackReference$DefaultCallbackProxy.invokeCallback(CallbackReference.java:520)
	at com.sun.jna.CallbackReference$DefaultCallbackProxy.callback(CallbackReference.java:551)
	at com.sun.jna.Native.invokeVoid(Native Method)
	at com.sun.jna.Function.invoke(Function.java:415)
	at com.sun.jna.Function.invoke(Function.java:361)
	at com.sun.jna.Library$Handler.invoke(Library.java:265)
	at com.sun.proxy.$Proxy13.CFRunLoopRun(Unknown Source)
	at io.methvin.watchservice.MacOSXListeningWatchService$CFRunLoopThread.run(MacOSXListeningWatchService.java:179)
Caused by: java.nio.file.AccessDeniedException: /usr/sbin/authserver
	at sun.nio.fs.UnixException.translateToIOException(UnixException.java:84)
	at sun.nio.fs.UnixException.rethrowAsIOException(UnixException.java:102)
	at sun.nio.fs.UnixException.rethrowAsIOException(UnixException.java:107)
	at sun.nio.fs.UnixFileSystemProvider.newDirectoryStream(UnixFileSystemProvider.java:407)
	at java.nio.file.Files.newDirectoryStream(Files.java:457)
	at java.nio.file.FileTreeWalker.visit(FileTreeWalker.java:300)
	at java.nio.file.FileTreeWalker.next(FileTreeWalker.java:372)
	at java.nio.file.Files.walkFileTree(Files.java:2706)
	at java.nio.file.Files.walkFileTree(Files.java:2742)
	at io.methvin.watcher.PathUtils.recursiveVisitFiles(PathUtils.java:108)
	at io.methvin.watcher.PathUtils.recursiveListFiles(PathUtils.java:97)
	at io.methvin.watchservice.MacOSXListeningWatchService$MacOSXListeningCallback.invoke(MacOSXListeningWatchService.java:266)
	... 11 common frames omitted
2022-02-12 18:55:44,843 [WARN] from com.sun.jna.Native in WatchService for /Users/fernandovillalba/Desktop/Máster/CloudComputing/Servicios REST/play-samples-play-java-hello-world-tutorial/app - JNA: Callback io.methvin.watchservice.MacOSXListeningWatchService$MacOSXListeningCallback@32193119 threw the following exception
java.lang.IllegalStateException: Could not recursively list files for /
	at io.methvin.watchservice.MacOSXListeningWatchService$MacOSXListeningCallback.invoke(MacOSXListeningWatchService.java:268)
	at sun.reflect.GeneratedMethodAccessor11.invoke(Unknown Source)
	at sun.reflect.DelegatingMethodAccessorImpl.invoke(DelegatingMethodAccessorImpl.java:43)
	at java.lang.reflect.Method.invoke(Method.java:498)
	at com.sun.jna.CallbackReference$DefaultCallbackProxy.invokeCallback(CallbackReference.java:520)
	at com.sun.jna.CallbackReference$DefaultCallbackProxy.callback(CallbackReference.java:551)
	at com.sun.jna.Native.invokeVoid(Native Method)
	at com.sun.jna.Function.invoke(Function.java:415)
	at com.sun.jna.Function.invoke(Function.java:361)
	at com.sun.jna.Library$Handler.invoke(Library.java:265)
	at com.sun.proxy.$Proxy13.CFRunLoopRun(Unknown Source)
	at io.methvin.watchservice.MacOSXListeningWatchService$CFRunLoopThread.run(MacOSXListeningWatchService.java:179)
Caused by: java.nio.file.AccessDeniedException: /usr/sbin/authserver
	at sun.nio.fs.UnixException.translateToIOException(UnixException.java:84)
	at sun.nio.fs.UnixException.rethrowAsIOException(UnixException.java:102)
	at sun.nio.fs.UnixException.rethrowAsIOException(UnixException.java:107)
	at sun.nio.fs.UnixFileSystemProvider.newDirectoryStream(UnixFileSystemProvider.java:407)
	at java.nio.file.Files.newDirectoryStream(Files.java:457)
	at java.nio.file.FileTreeWalker.visit(FileTreeWalker.java:300)
	at java.nio.file.FileTreeWalker.next(FileTreeWalker.java:372)
	at java.nio.file.Files.walkFileTree(Files.java:2706)
	at java.nio.file.Files.walkFileTree(Files.java:2742)
	at io.methvin.watcher.PathUtils.recursiveVisitFiles(PathUtils.java:108)
	at io.methvin.watcher.PathUtils.recursiveListFiles(PathUtils.java:97)
	at io.methvin.watchservice.MacOSXListeningWatchService$MacOSXListeningCallback.invoke(MacOSXListeningWatchService.java:266)
	... 11 common frames omitted
2022-02-12 18:55:46,948 [WARN] from com.sun.jna.Native in WatchService for /Users/fernandovillalba/Desktop/Máster/CloudComputing/Servicios REST/play-samples-play-java-hello-world-tutorial/app - JNA: Callback io.methvin.watchservice.MacOSXListeningWatchService$MacOSXListeningCallback@32193119 threw the following exception
java.lang.IllegalStateException: Could not recursively list files for /
	at io.methvin.watchservice.MacOSXListeningWatchService$MacOSXListeningCallback.invoke(MacOSXListeningWatchService.java:268)
	at sun.reflect.GeneratedMethodAccessor11.invoke(Unknown Source)
	at sun.reflect.DelegatingMethodAccessorImpl.invoke(DelegatingMethodAccessorImpl.java:43)
	at java.lang.reflect.Method.invoke(Method.java:498)
	at com.sun.jna.CallbackReference$DefaultCallbackProxy.invokeCallback(CallbackReference.java:520)
	at com.sun.jna.CallbackReference$DefaultCallbackProxy.callback(CallbackReference.java:551)
	at com.sun.jna.Native.invokeVoid(Native Method)
	at com.sun.jna.Function.invoke(Function.java:415)
	at com.sun.jna.Function.invoke(Function.java:361)
	at com.sun.jna.Library$Handler.invoke(Library.java:265)
	at com.sun.proxy.$Proxy13.CFRunLoopRun(Unknown Source)
	at io.methvin.watchservice.MacOSXListeningWatchService$CFRunLoopThread.run(MacOSXListeningWatchService.java:179)
Caused by: java.nio.file.AccessDeniedException: /usr/sbin/authserver
	at sun.nio.fs.UnixException.translateToIOException(UnixException.java:84)
	at sun.nio.fs.UnixException.rethrowAsIOException(UnixException.java:102)
	at sun.nio.fs.UnixException.rethrowAsIOException(UnixException.java:107)
	at sun.nio.fs.UnixFileSystemProvider.newDirectoryStream(UnixFileSystemProvider.java:407)
	at java.nio.file.Files.newDirectoryStream(Files.java:457)
	at java.nio.file.FileTreeWalker.visit(FileTreeWalker.java:300)
	at java.nio.file.FileTreeWalker.next(FileTreeWalker.java:372)
	at java.nio.file.Files.walkFileTree(Files.java:2706)
	at java.nio.file.Files.walkFileTree(Files.java:2742)
	at io.methvin.watcher.PathUtils.recursiveVisitFiles(PathUtils.java:108)
	at io.methvin.watcher.PathUtils.recursiveListFiles(PathUtils.java:97)
	at io.methvin.watchservice.MacOSXListeningWatchService$MacOSXListeningCallback.invoke(MacOSXListeningWatchService.java:266)
	... 11 common frames omitted
2022-02-12 18:55:57,815 [WARN] from com.sun.jna.Native in WatchService for /Users/fernandovillalba/Desktop/Máster/CloudComputing/Servicios REST/play-samples-play-java-hello-world-tutorial/app - JNA: Callback io.methvin.watchservice.MacOSXListeningWatchService$MacOSXListeningCallback@32193119 threw the following exception
java.lang.IllegalStateException: Could not recursively list files for /
	at io.methvin.watchservice.MacOSXListeningWatchService$MacOSXListeningCallback.invoke(MacOSXListeningWatchService.java:268)
	at sun.reflect.GeneratedMethodAccessor11.invoke(Unknown Source)
	at sun.reflect.DelegatingMethodAccessorImpl.invoke(DelegatingMethodAccessorImpl.java:43)
	at java.lang.reflect.Method.invoke(Method.java:498)
	at com.sun.jna.CallbackReference$DefaultCallbackProxy.invokeCallback(CallbackReference.java:520)
	at com.sun.jna.CallbackReference$DefaultCallbackProxy.callback(CallbackReference.java:551)
	at com.sun.jna.Native.invokeVoid(Native Method)
	at com.sun.jna.Function.invoke(Function.java:415)
	at com.sun.jna.Function.invoke(Function.java:361)
	at com.sun.jna.Library$Handler.invoke(Library.java:265)
	at com.sun.proxy.$Proxy13.CFRunLoopRun(Unknown Source)
	at io.methvin.watchservice.MacOSXListeningWatchService$CFRunLoopThread.run(MacOSXListeningWatchService.java:179)
Caused by: java.nio.file.AccessDeniedException: /usr/sbin/authserver
	at sun.nio.fs.UnixException.translateToIOException(UnixException.java:84)
	at sun.nio.fs.UnixException.rethrowAsIOException(UnixException.java:102)
	at sun.nio.fs.UnixException.rethrowAsIOException(UnixException.java:107)
	at sun.nio.fs.UnixFileSystemProvider.newDirectoryStream(UnixFileSystemProvider.java:407)
	at java.nio.file.Files.newDirectoryStream(Files.java:457)
	at java.nio.file.FileTreeWalker.visit(FileTreeWalker.java:300)
	at java.nio.file.FileTreeWalker.next(FileTreeWalker.java:372)
	at java.nio.file.Files.walkFileTree(Files.java:2706)
	at java.nio.file.Files.walkFileTree(Files.java:2742)
	at io.methvin.watcher.PathUtils.recursiveVisitFiles(PathUtils.java:108)
	at io.methvin.watcher.PathUtils.recursiveListFiles(PathUtils.java:97)
	at io.methvin.watchservice.MacOSXListeningWatchService$MacOSXListeningCallback.invoke(MacOSXListeningWatchService.java:266)
	... 11 common frames omitted
2022-02-12 18:56:08,890 [WARN] from com.sun.jna.Native in WatchService for /Users/fernandovillalba/Desktop/Máster/CloudComputing/Servicios REST/play-samples-play-java-hello-world-tutorial/app - JNA: Callback io.methvin.watchservice.MacOSXListeningWatchService$MacOSXListeningCallback@32193119 threw the following exception
java.lang.IllegalStateException: Could not recursively list files for /
	at io.methvin.watchservice.MacOSXListeningWatchService$MacOSXListeningCallback.invoke(MacOSXListeningWatchService.java:268)
	at sun.reflect.GeneratedMethodAccessor11.invoke(Unknown Source)
	at sun.reflect.DelegatingMethodAccessorImpl.invoke(DelegatingMethodAccessorImpl.java:43)
	at java.lang.reflect.Method.invoke(Method.java:498)
	at com.sun.jna.CallbackReference$DefaultCallbackProxy.invokeCallback(CallbackReference.java:520)
	at com.sun.jna.CallbackReference$DefaultCallbackProxy.callback(CallbackReference.java:551)
	at com.sun.jna.Native.invokeVoid(Native Method)
	at com.sun.jna.Function.invoke(Function.java:415)
	at com.sun.jna.Function.invoke(Function.java:361)
	at com.sun.jna.Library$Handler.invoke(Library.java:265)
	at com.sun.proxy.$Proxy13.CFRunLoopRun(Unknown Source)
	at io.methvin.watchservice.MacOSXListeningWatchService$CFRunLoopThread.run(MacOSXListeningWatchService.java:179)
Caused by: java.nio.file.AccessDeniedException: /usr/sbin/authserver
	at sun.nio.fs.UnixException.translateToIOException(UnixException.java:84)
	at sun.nio.fs.UnixException.rethrowAsIOException(UnixException.java:102)
	at sun.nio.fs.UnixException.rethrowAsIOException(UnixException.java:107)
	at sun.nio.fs.UnixFileSystemProvider.newDirectoryStream(UnixFileSystemProvider.java:407)
	at java.nio.file.Files.newDirectoryStream(Files.java:457)
	at java.nio.file.FileTreeWalker.visit(FileTreeWalker.java:300)
	at java.nio.file.FileTreeWalker.next(FileTreeWalker.java:372)
	at java.nio.file.Files.walkFileTree(Files.java:2706)
	at java.nio.file.Files.walkFileTree(Files.java:2742)
	at io.methvin.watcher.PathUtils.recursiveVisitFiles(PathUtils.java:108)
	at io.methvin.watcher.PathUtils.recursiveListFiles(PathUtils.java:97)
	at io.methvin.watchservice.MacOSXListeningWatchService$MacOSXListeningCallback.invoke(MacOSXListeningWatchService.java:266)
	... 11 common frames omitted
2022-02-12 18:56:22,713 [WARN] from com.sun.jna.Native in WatchService for /Users/fernandovillalba/Desktop/Máster/CloudComputing/Servicios REST/play-samples-play-java-hello-world-tutorial/app - JNA: Callback io.methvin.watchservice.MacOSXListeningWatchService$MacOSXListeningCallback@32193119 threw the following exception
java.lang.IllegalStateException: Could not recursively list files for /
	at io.methvin.watchservice.MacOSXListeningWatchService$MacOSXListeningCallback.invoke(MacOSXListeningWatchService.java:268)
	at sun.reflect.GeneratedMethodAccessor11.invoke(Unknown Source)
	at sun.reflect.DelegatingMethodAccessorImpl.invoke(DelegatingMethodAccessorImpl.java:43)
	at java.lang.reflect.Method.invoke(Method.java:498)
	at com.sun.jna.CallbackReference$DefaultCallbackProxy.invokeCallback(CallbackReference.java:520)
	at com.sun.jna.CallbackReference$DefaultCallbackProxy.callback(CallbackReference.java:551)
	at com.sun.jna.Native.invokeVoid(Native Method)
	at com.sun.jna.Function.invoke(Function.java:415)
	at com.sun.jna.Function.invoke(Function.java:361)
	at com.sun.jna.Library$Handler.invoke(Library.java:265)
	at com.sun.proxy.$Proxy13.CFRunLoopRun(Unknown Source)
	at io.methvin.watchservice.MacOSXListeningWatchService$CFRunLoopThread.run(MacOSXListeningWatchService.java:179)
Caused by: java.nio.file.AccessDeniedException: /usr/sbin/authserver
	at sun.nio.fs.UnixException.translateToIOException(UnixException.java:84)
	at sun.nio.fs.UnixException.rethrowAsIOException(UnixException.java:102)
	at sun.nio.fs.UnixException.rethrowAsIOException(UnixException.java:107)
	at sun.nio.fs.UnixFileSystemProvider.newDirectoryStream(UnixFileSystemProvider.java:407)
	at java.nio.file.Files.newDirectoryStream(Files.java:457)
	at java.nio.file.FileTreeWalker.visit(FileTreeWalker.java:300)
	at java.nio.file.FileTreeWalker.next(FileTreeWalker.java:372)
	at java.nio.file.Files.walkFileTree(Files.java:2706)
	at java.nio.file.Files.walkFileTree(Files.java:2742)
	at io.methvin.watcher.PathUtils.recursiveVisitFiles(PathUtils.java:108)
	at io.methvin.watcher.PathUtils.recursiveListFiles(PathUtils.java:97)
	at io.methvin.watchservice.MacOSXListeningWatchService$MacOSXListeningCallback.invoke(MacOSXListeningWatchService.java:266)
	... 11 common frames omitted
2022-02-12 18:57:34,304 [WARN] from com.sun.jna.Native in WatchService for /Users/fernandovillalba/Desktop/Máster/CloudComputing/Servicios REST/play-samples-play-java-hello-world-tutorial/app - JNA: Callback io.methvin.watchservice.MacOSXListeningWatchService$MacOSXListeningCallback@32193119 threw the following exception
java.lang.IllegalStateException: Could not recursively list files for /
	at io.methvin.watchservice.MacOSXListeningWatchService$MacOSXListeningCallback.invoke(MacOSXListeningWatchService.java:268)
	at sun.reflect.GeneratedMethodAccessor11.invoke(Unknown Source)
	at sun.reflect.DelegatingMethodAccessorImpl.invoke(DelegatingMethodAccessorImpl.java:43)
	at java.lang.reflect.Method.invoke(Method.java:498)
	at com.sun.jna.CallbackReference$DefaultCallbackProxy.invokeCallback(CallbackReference.java:520)
	at com.sun.jna.CallbackReference$DefaultCallbackProxy.callback(CallbackReference.java:551)
	at com.sun.jna.Native.invokeVoid(Native Method)
	at com.sun.jna.Function.invoke(Function.java:415)
	at com.sun.jna.Function.invoke(Function.java:361)
	at com.sun.jna.Library$Handler.invoke(Library.java:265)
	at com.sun.proxy.$Proxy13.CFRunLoopRun(Unknown Source)
	at io.methvin.watchservice.MacOSXListeningWatchService$CFRunLoopThread.run(MacOSXListeningWatchService.java:179)
Caused by: java.nio.file.AccessDeniedException: /usr/sbin/authserver
	at sun.nio.fs.UnixException.translateToIOException(UnixException.java:84)
	at sun.nio.fs.UnixException.rethrowAsIOException(UnixException.java:102)
	at sun.nio.fs.UnixException.rethrowAsIOException(UnixException.java:107)
	at sun.nio.fs.UnixFileSystemProvider.newDirectoryStream(UnixFileSystemProvider.java:407)
	at java.nio.file.Files.newDirectoryStream(Files.java:457)
	at java.nio.file.FileTreeWalker.visit(FileTreeWalker.java:300)
	at java.nio.file.FileTreeWalker.next(FileTreeWalker.java:372)
	at java.nio.file.Files.walkFileTree(Files.java:2706)
	at java.nio.file.Files.walkFileTree(Files.java:2742)
	at io.methvin.watcher.PathUtils.recursiveVisitFiles(PathUtils.java:108)
	at io.methvin.watcher.PathUtils.recursiveListFiles(PathUtils.java:97)
	at io.methvin.watchservice.MacOSXListeningWatchService$MacOSXListeningCallback.invoke(MacOSXListeningWatchService.java:266)
	... 11 common frames omitted
2022-02-12 18:58:54,107 [WARN] from com.sun.jna.Native in WatchService for /Users/fernandovillalba/Desktop/Máster/CloudComputing/Servicios REST/play-samples-play-java-hello-world-tutorial/app - JNA: Callback io.methvin.watchservice.MacOSXListeningWatchService$MacOSXListeningCallback@32193119 threw the following exception
java.lang.IllegalStateException: Could not recursively list files for /
	at io.methvin.watchservice.MacOSXListeningWatchService$MacOSXListeningCallback.invoke(MacOSXListeningWatchService.java:268)
	at sun.reflect.GeneratedMethodAccessor11.invoke(Unknown Source)
	at sun.reflect.DelegatingMethodAccessorImpl.invoke(DelegatingMethodAccessorImpl.java:43)
	at java.lang.reflect.Method.invoke(Method.java:498)
	at com.sun.jna.CallbackReference$DefaultCallbackProxy.invokeCallback(CallbackReference.java:520)
	at com.sun.jna.CallbackReference$DefaultCallbackProxy.callback(CallbackReference.java:551)
	at com.sun.jna.Native.invokeVoid(Native Method)
	at com.sun.jna.Function.invoke(Function.java:415)
	at com.sun.jna.Function.invoke(Function.java:361)
	at com.sun.jna.Library$Handler.invoke(Library.java:265)
	at com.sun.proxy.$Proxy13.CFRunLoopRun(Unknown Source)
	at io.methvin.watchservice.MacOSXListeningWatchService$CFRunLoopThread.run(MacOSXListeningWatchService.java:179)
Caused by: java.nio.file.AccessDeniedException: /usr/sbin/authserver
	at sun.nio.fs.UnixException.translateToIOException(UnixException.java:84)
	at sun.nio.fs.UnixException.rethrowAsIOException(UnixException.java:102)
	at sun.nio.fs.UnixException.rethrowAsIOException(UnixException.java:107)
	at sun.nio.fs.UnixFileSystemProvider.newDirectoryStream(UnixFileSystemProvider.java:407)
	at java.nio.file.Files.newDirectoryStream(Files.java:457)
	at java.nio.file.FileTreeWalker.visit(FileTreeWalker.java:300)
	at java.nio.file.FileTreeWalker.next(FileTreeWalker.java:372)
	at java.nio.file.Files.walkFileTree(Files.java:2706)
	at java.nio.file.Files.walkFileTree(Files.java:2742)
	at io.methvin.watcher.PathUtils.recursiveVisitFiles(PathUtils.java:108)
	at io.methvin.watcher.PathUtils.recursiveListFiles(PathUtils.java:97)
	at io.methvin.watchservice.MacOSXListeningWatchService$MacOSXListeningCallback.invoke(MacOSXListeningWatchService.java:266)
	... 11 common frames omitted
2022-02-12 18:59:24,415 [WARN] from com.sun.jna.Native in WatchService for /Users/fernandovillalba/Desktop/Máster/CloudComputing/Servicios REST/play-samples-play-java-hello-world-tutorial/app - JNA: Callback io.methvin.watchservice.MacOSXListeningWatchService$MacOSXListeningCallback@32193119 threw the following exception
java.lang.IllegalStateException: Could not recursively list files for /
	at io.methvin.watchservice.MacOSXListeningWatchService$MacOSXListeningCallback.invoke(MacOSXListeningWatchService.java:268)
	at sun.reflect.GeneratedMethodAccessor11.invoke(Unknown Source)
	at sun.reflect.DelegatingMethodAccessorImpl.invoke(DelegatingMethodAccessorImpl.java:43)
	at java.lang.reflect.Method.invoke(Method.java:498)
	at com.sun.jna.CallbackReference$DefaultCallbackProxy.invokeCallback(CallbackReference.java:520)
	at com.sun.jna.CallbackReference$DefaultCallbackProxy.callback(CallbackReference.java:551)
	at com.sun.jna.Native.invokeVoid(Native Method)
	at com.sun.jna.Function.invoke(Function.java:415)
	at com.sun.jna.Function.invoke(Function.java:361)
	at com.sun.jna.Library$Handler.invoke(Library.java:265)
	at com.sun.proxy.$Proxy13.CFRunLoopRun(Unknown Source)
	at io.methvin.watchservice.MacOSXListeningWatchService$CFRunLoopThread.run(MacOSXListeningWatchService.java:179)
Caused by: java.nio.file.AccessDeniedException: /usr/sbin/authserver
	at sun.nio.fs.UnixException.translateToIOException(UnixException.java:84)
	at sun.nio.fs.UnixException.rethrowAsIOException(UnixException.java:102)
	at sun.nio.fs.UnixException.rethrowAsIOException(UnixException.java:107)
	at sun.nio.fs.UnixFileSystemProvider.newDirectoryStream(UnixFileSystemProvider.java:407)
	at java.nio.file.Files.newDirectoryStream(Files.java:457)
	at java.nio.file.FileTreeWalker.visit(FileTreeWalker.java:300)
	at java.nio.file.FileTreeWalker.next(FileTreeWalker.java:372)
	at java.nio.file.Files.walkFileTree(Files.java:2706)
	at java.nio.file.Files.walkFileTree(Files.java:2742)
	at io.methvin.watcher.PathUtils.recursiveVisitFiles(PathUtils.java:108)
	at io.methvin.watcher.PathUtils.recursiveListFiles(PathUtils.java:97)
	at io.methvin.watchservice.MacOSXListeningWatchService$MacOSXListeningCallback.invoke(MacOSXListeningWatchService.java:266)
	... 11 common frames omitted
2022-02-12 18:59:26,377 [WARN] from com.sun.jna.Native in WatchService for /Users/fernandovillalba/Desktop/Máster/CloudComputing/Servicios REST/play-samples-play-java-hello-world-tutorial/app - JNA: Callback io.methvin.watchservice.MacOSXListeningWatchService$MacOSXListeningCallback@32193119 threw the following exception
java.lang.IllegalStateException: Could not recursively list files for /
	at io.methvin.watchservice.MacOSXListeningWatchService$MacOSXListeningCallback.invoke(MacOSXListeningWatchService.java:268)
	at sun.reflect.GeneratedMethodAccessor11.invoke(Unknown Source)
	at sun.reflect.DelegatingMethodAccessorImpl.invoke(DelegatingMethodAccessorImpl.java:43)
	at java.lang.reflect.Method.invoke(Method.java:498)
	at com.sun.jna.CallbackReference$DefaultCallbackProxy.invokeCallback(CallbackReference.java:520)
	at com.sun.jna.CallbackReference$DefaultCallbackProxy.callback(CallbackReference.java:551)
	at com.sun.jna.Native.invokeVoid(Native Method)
	at com.sun.jna.Function.invoke(Function.java:415)
	at com.sun.jna.Function.invoke(Function.java:361)
	at com.sun.jna.Library$Handler.invoke(Library.java:265)
	at com.sun.proxy.$Proxy13.CFRunLoopRun(Unknown Source)
	at io.methvin.watchservice.MacOSXListeningWatchService$CFRunLoopThread.run(MacOSXListeningWatchService.java:179)
Caused by: java.nio.file.AccessDeniedException: /usr/sbin/authserver
	at sun.nio.fs.UnixException.translateToIOException(UnixException.java:84)
	at sun.nio.fs.UnixException.rethrowAsIOException(UnixException.java:102)
	at sun.nio.fs.UnixException.rethrowAsIOException(UnixException.java:107)
	at sun.nio.fs.UnixFileSystemProvider.newDirectoryStream(UnixFileSystemProvider.java:407)
	at java.nio.file.Files.newDirectoryStream(Files.java:457)
	at java.nio.file.FileTreeWalker.visit(FileTreeWalker.java:300)
	at java.nio.file.FileTreeWalker.next(FileTreeWalker.java:372)
	at java.nio.file.Files.walkFileTree(Files.java:2706)
	at java.nio.file.Files.walkFileTree(Files.java:2742)
	at io.methvin.watcher.PathUtils.recursiveVisitFiles(PathUtils.java:108)
	at io.methvin.watcher.PathUtils.recursiveListFiles(PathUtils.java:97)
	at io.methvin.watchservice.MacOSXListeningWatchService$MacOSXListeningCallback.invoke(MacOSXListeningWatchService.java:266)
	... 11 common frames omitted
2022-02-12 19:01:45,921 [WARN] from com.sun.jna.Native in WatchService for /Users/fernandovillalba/Desktop/Máster/CloudComputing/Servicios REST/play-samples-play-java-hello-world-tutorial/app - JNA: Callback io.methvin.watchservice.MacOSXListeningWatchService$MacOSXListeningCallback@32193119 threw the following exception
java.lang.IllegalStateException: Could not recursively list files for /
	at io.methvin.watchservice.MacOSXListeningWatchService$MacOSXListeningCallback.invoke(MacOSXListeningWatchService.java:268)
	at sun.reflect.GeneratedMethodAccessor11.invoke(Unknown Source)
	at sun.reflect.DelegatingMethodAccessorImpl.invoke(DelegatingMethodAccessorImpl.java:43)
	at java.lang.reflect.Method.invoke(Method.java:498)
	at com.sun.jna.CallbackReference$DefaultCallbackProxy.invokeCallback(CallbackReference.java:520)
	at com.sun.jna.CallbackReference$DefaultCallbackProxy.callback(CallbackReference.java:551)
	at com.sun.jna.Native.invokeVoid(Native Method)
	at com.sun.jna.Function.invoke(Function.java:415)
	at com.sun.jna.Function.invoke(Function.java:361)
	at com.sun.jna.Library$Handler.invoke(Library.java:265)
	at com.sun.proxy.$Proxy13.CFRunLoopRun(Unknown Source)
	at io.methvin.watchservice.MacOSXListeningWatchService$CFRunLoopThread.run(MacOSXListeningWatchService.java:179)
Caused by: java.nio.file.AccessDeniedException: /usr/sbin/authserver
	at sun.nio.fs.UnixException.translateToIOException(UnixException.java:84)
	at sun.nio.fs.UnixException.rethrowAsIOException(UnixException.java:102)
	at sun.nio.fs.UnixException.rethrowAsIOException(UnixException.java:107)
	at sun.nio.fs.UnixFileSystemProvider.newDirectoryStream(UnixFileSystemProvider.java:407)
	at java.nio.file.Files.newDirectoryStream(Files.java:457)
	at java.nio.file.FileTreeWalker.visit(FileTreeWalker.java:300)
	at java.nio.file.FileTreeWalker.next(FileTreeWalker.java:372)
	at java.nio.file.Files.walkFileTree(Files.java:2706)
	at java.nio.file.Files.walkFileTree(Files.java:2742)
	at io.methvin.watcher.PathUtils.recursiveVisitFiles(PathUtils.java:108)
	at io.methvin.watcher.PathUtils.recursiveListFiles(PathUtils.java:97)
	at io.methvin.watchservice.MacOSXListeningWatchService$MacOSXListeningCallback.invoke(MacOSXListeningWatchService.java:266)
	... 11 common frames omitted
2022-02-12 19:01:46,371 [WARN] from com.sun.jna.Native in WatchService for /Users/fernandovillalba/Desktop/Máster/CloudComputing/Servicios REST/play-samples-play-java-hello-world-tutorial/app - JNA: Callback io.methvin.watchservice.MacOSXListeningWatchService$MacOSXListeningCallback@32193119 threw the following exception
java.lang.IllegalStateException: Could not recursively list files for /
	at io.methvin.watchservice.MacOSXListeningWatchService$MacOSXListeningCallback.invoke(MacOSXListeningWatchService.java:268)
	at sun.reflect.GeneratedMethodAccessor11.invoke(Unknown Source)
	at sun.reflect.DelegatingMethodAccessorImpl.invoke(DelegatingMethodAccessorImpl.java:43)
	at java.lang.reflect.Method.invoke(Method.java:498)
	at com.sun.jna.CallbackReference$DefaultCallbackProxy.invokeCallback(CallbackReference.java:520)
	at com.sun.jna.CallbackReference$DefaultCallbackProxy.callback(CallbackReference.java:551)
	at com.sun.jna.Native.invokeVoid(Native Method)
	at com.sun.jna.Function.invoke(Function.java:415)
	at com.sun.jna.Function.invoke(Function.java:361)
	at com.sun.jna.Library$Handler.invoke(Library.java:265)
	at com.sun.proxy.$Proxy13.CFRunLoopRun(Unknown Source)
	at io.methvin.watchservice.MacOSXListeningWatchService$CFRunLoopThread.run(MacOSXListeningWatchService.java:179)
Caused by: java.nio.file.AccessDeniedException: /usr/sbin/authserver
	at sun.nio.fs.UnixException.translateToIOException(UnixException.java:84)
	at sun.nio.fs.UnixException.rethrowAsIOException(UnixException.java:102)
	at sun.nio.fs.UnixException.rethrowAsIOException(UnixException.java:107)
	at sun.nio.fs.UnixFileSystemProvider.newDirectoryStream(UnixFileSystemProvider.java:407)
	at java.nio.file.Files.newDirectoryStream(Files.java:457)
	at java.nio.file.FileTreeWalker.visit(FileTreeWalker.java:300)
	at java.nio.file.FileTreeWalker.next(FileTreeWalker.java:372)
	at java.nio.file.Files.walkFileTree(Files.java:2706)
	at java.nio.file.Files.walkFileTree(Files.java:2742)
	at io.methvin.watcher.PathUtils.recursiveVisitFiles(PathUtils.java:108)
	at io.methvin.watcher.PathUtils.recursiveListFiles(PathUtils.java:97)
	at io.methvin.watchservice.MacOSXListeningWatchService$MacOSXListeningCallback.invoke(MacOSXListeningWatchService.java:266)
	... 11 common frames omitted
2022-02-12 19:02:45,207 [WARN] from com.sun.jna.Native in WatchService for /Users/fernandovillalba/Desktop/Máster/CloudComputing/Servicios REST/play-samples-play-java-hello-world-tutorial/app - JNA: Callback io.methvin.watchservice.MacOSXListeningWatchService$MacOSXListeningCallback@32193119 threw the following exception
java.lang.IllegalStateException: Could not recursively list files for /
	at io.methvin.watchservice.MacOSXListeningWatchService$MacOSXListeningCallback.invoke(MacOSXListeningWatchService.java:268)
	at sun.reflect.GeneratedMethodAccessor11.invoke(Unknown Source)
	at sun.reflect.DelegatingMethodAccessorImpl.invoke(DelegatingMethodAccessorImpl.java:43)
	at java.lang.reflect.Method.invoke(Method.java:498)
	at com.sun.jna.CallbackReference$DefaultCallbackProxy.invokeCallback(CallbackReference.java:520)
	at com.sun.jna.CallbackReference$DefaultCallbackProxy.callback(CallbackReference.java:551)
	at com.sun.jna.Native.invokeVoid(Native Method)
	at com.sun.jna.Function.invoke(Function.java:415)
	at com.sun.jna.Function.invoke(Function.java:361)
	at com.sun.jna.Library$Handler.invoke(Library.java:265)
	at com.sun.proxy.$Proxy13.CFRunLoopRun(Unknown Source)
	at io.methvin.watchservice.MacOSXListeningWatchService$CFRunLoopThread.run(MacOSXListeningWatchService.java:179)
Caused by: java.nio.file.AccessDeniedException: /usr/sbin/authserver
	at sun.nio.fs.UnixException.translateToIOException(UnixException.java:84)
	at sun.nio.fs.UnixException.rethrowAsIOException(UnixException.java:102)
	at sun.nio.fs.UnixException.rethrowAsIOException(UnixException.java:107)
	at sun.nio.fs.UnixFileSystemProvider.newDirectoryStream(UnixFileSystemProvider.java:407)
	at java.nio.file.Files.newDirectoryStream(Files.java:457)
	at java.nio.file.FileTreeWalker.visit(FileTreeWalker.java:300)
	at java.nio.file.FileTreeWalker.next(FileTreeWalker.java:372)
	at java.nio.file.Files.walkFileTree(Files.java:2706)
	at java.nio.file.Files.walkFileTree(Files.java:2742)
	at io.methvin.watcher.PathUtils.recursiveVisitFiles(PathUtils.java:108)
	at io.methvin.watcher.PathUtils.recursiveListFiles(PathUtils.java:97)
	at io.methvin.watchservice.MacOSXListeningWatchService$MacOSXListeningCallback.invoke(MacOSXListeningWatchService.java:266)
	... 11 common frames omitted
2022-02-12 19:03:07,536 [WARN] from com.sun.jna.Native in WatchService for /Users/fernandovillalba/Desktop/Máster/CloudComputing/Servicios REST/play-samples-play-java-hello-world-tutorial/app - JNA: Callback io.methvin.watchservice.MacOSXListeningWatchService$MacOSXListeningCallback@32193119 threw the following exception
java.lang.IllegalStateException: Could not recursively list files for /
	at io.methvin.watchservice.MacOSXListeningWatchService$MacOSXListeningCallback.invoke(MacOSXListeningWatchService.java:268)
	at sun.reflect.GeneratedMethodAccessor11.invoke(Unknown Source)
	at sun.reflect.DelegatingMethodAccessorImpl.invoke(DelegatingMethodAccessorImpl.java:43)
	at java.lang.reflect.Method.invoke(Method.java:498)
	at com.sun.jna.CallbackReference$DefaultCallbackProxy.invokeCallback(CallbackReference.java:520)
	at com.sun.jna.CallbackReference$DefaultCallbackProxy.callback(CallbackReference.java:551)
	at com.sun.jna.Native.invokeVoid(Native Method)
	at com.sun.jna.Function.invoke(Function.java:415)
	at com.sun.jna.Function.invoke(Function.java:361)
	at com.sun.jna.Library$Handler.invoke(Library.java:265)
	at com.sun.proxy.$Proxy13.CFRunLoopRun(Unknown Source)
	at io.methvin.watchservice.MacOSXListeningWatchService$CFRunLoopThread.run(MacOSXListeningWatchService.java:179)
Caused by: java.nio.file.AccessDeniedException: /usr/sbin/authserver
	at sun.nio.fs.UnixException.translateToIOException(UnixException.java:84)
	at sun.nio.fs.UnixException.rethrowAsIOException(UnixException.java:102)
	at sun.nio.fs.UnixException.rethrowAsIOException(UnixException.java:107)
	at sun.nio.fs.UnixFileSystemProvider.newDirectoryStream(UnixFileSystemProvider.java:407)
	at java.nio.file.Files.newDirectoryStream(Files.java:457)
	at java.nio.file.FileTreeWalker.visit(FileTreeWalker.java:300)
	at java.nio.file.FileTreeWalker.next(FileTreeWalker.java:372)
	at java.nio.file.Files.walkFileTree(Files.java:2706)
	at java.nio.file.Files.walkFileTree(Files.java:2742)
	at io.methvin.watcher.PathUtils.recursiveVisitFiles(PathUtils.java:108)
	at io.methvin.watcher.PathUtils.recursiveListFiles(PathUtils.java:97)
	at io.methvin.watchservice.MacOSXListeningWatchService$MacOSXListeningCallback.invoke(MacOSXListeningWatchService.java:266)
	... 11 common frames omitted
2022-02-12 19:03:16,582 [WARN] from com.sun.jna.Native in WatchService for /Users/fernandovillalba/Desktop/Máster/CloudComputing/Servicios REST/play-samples-play-java-hello-world-tutorial/app - JNA: Callback io.methvin.watchservice.MacOSXListeningWatchService$MacOSXListeningCallback@32193119 threw the following exception
java.lang.IllegalStateException: Could not recursively list files for /
	at io.methvin.watchservice.MacOSXListeningWatchService$MacOSXListeningCallback.invoke(MacOSXListeningWatchService.java:268)
	at sun.reflect.GeneratedMethodAccessor11.invoke(Unknown Source)
	at sun.reflect.DelegatingMethodAccessorImpl.invoke(DelegatingMethodAccessorImpl.java:43)
	at java.lang.reflect.Method.invoke(Method.java:498)
	at com.sun.jna.CallbackReference$DefaultCallbackProxy.invokeCallback(CallbackReference.java:520)
	at com.sun.jna.CallbackReference$DefaultCallbackProxy.callback(CallbackReference.java:551)
	at com.sun.jna.Native.invokeVoid(Native Method)
	at com.sun.jna.Function.invoke(Function.java:415)
	at com.sun.jna.Function.invoke(Function.java:361)
	at com.sun.jna.Library$Handler.invoke(Library.java:265)
	at com.sun.proxy.$Proxy13.CFRunLoopRun(Unknown Source)
	at io.methvin.watchservice.MacOSXListeningWatchService$CFRunLoopThread.run(MacOSXListeningWatchService.java:179)
Caused by: java.nio.file.AccessDeniedException: /usr/sbin/authserver
	at sun.nio.fs.UnixException.translateToIOException(UnixException.java:84)
	at sun.nio.fs.UnixException.rethrowAsIOException(UnixException.java:102)
	at sun.nio.fs.UnixException.rethrowAsIOException(UnixException.java:107)
	at sun.nio.fs.UnixFileSystemProvider.newDirectoryStream(UnixFileSystemProvider.java:407)
	at java.nio.file.Files.newDirectoryStream(Files.java:457)
	at java.nio.file.FileTreeWalker.visit(FileTreeWalker.java:300)
	at java.nio.file.FileTreeWalker.next(FileTreeWalker.java:372)
	at java.nio.file.Files.walkFileTree(Files.java:2706)
	at java.nio.file.Files.walkFileTree(Files.java:2742)
	at io.methvin.watcher.PathUtils.recursiveVisitFiles(PathUtils.java:108)
	at io.methvin.watcher.PathUtils.recursiveListFiles(PathUtils.java:97)
	at io.methvin.watchservice.MacOSXListeningWatchService$MacOSXListeningCallback.invoke(MacOSXListeningWatchService.java:266)
	... 11 common frames omitted
2022-02-12 19:03:50,703 [WARN] from com.sun.jna.Native in WatchService for /Users/fernandovillalba/Desktop/Máster/CloudComputing/Servicios REST/play-samples-play-java-hello-world-tutorial/app - JNA: Callback io.methvin.watchservice.MacOSXListeningWatchService$MacOSXListeningCallback@32193119 threw the following exception
java.lang.IllegalStateException: Could not recursively list files for /
	at io.methvin.watchservice.MacOSXListeningWatchService$MacOSXListeningCallback.invoke(MacOSXListeningWatchService.java:268)
	at sun.reflect.GeneratedMethodAccessor11.invoke(Unknown Source)
	at sun.reflect.DelegatingMethodAccessorImpl.invoke(DelegatingMethodAccessorImpl.java:43)
	at java.lang.reflect.Method.invoke(Method.java:498)
	at com.sun.jna.CallbackReference$DefaultCallbackProxy.invokeCallback(CallbackReference.java:520)
	at com.sun.jna.CallbackReference$DefaultCallbackProxy.callback(CallbackReference.java:551)
	at com.sun.jna.Native.invokeVoid(Native Method)
	at com.sun.jna.Function.invoke(Function.java:415)
	at com.sun.jna.Function.invoke(Function.java:361)
	at com.sun.jna.Library$Handler.invoke(Library.java:265)
	at com.sun.proxy.$Proxy13.CFRunLoopRun(Unknown Source)
	at io.methvin.watchservice.MacOSXListeningWatchService$CFRunLoopThread.run(MacOSXListeningWatchService.java:179)
Caused by: java.nio.file.AccessDeniedException: /usr/sbin/authserver
	at sun.nio.fs.UnixException.translateToIOException(UnixException.java:84)
	at sun.nio.fs.UnixException.rethrowAsIOException(UnixException.java:102)
	at sun.nio.fs.UnixException.rethrowAsIOException(UnixException.java:107)
	at sun.nio.fs.UnixFileSystemProvider.newDirectoryStream(UnixFileSystemProvider.java:407)
	at java.nio.file.Files.newDirectoryStream(Files.java:457)
	at java.nio.file.FileTreeWalker.visit(FileTreeWalker.java:300)
	at java.nio.file.FileTreeWalker.next(FileTreeWalker.java:372)
	at java.nio.file.Files.walkFileTree(Files.java:2706)
	at java.nio.file.Files.walkFileTree(Files.java:2742)
	at io.methvin.watcher.PathUtils.recursiveVisitFiles(PathUtils.java:108)
	at io.methvin.watcher.PathUtils.recursiveListFiles(PathUtils.java:97)
	at io.methvin.watchservice.MacOSXListeningWatchService$MacOSXListeningCallback.invoke(MacOSXListeningWatchService.java:266)
	... 11 common frames omitted
2022-02-12 19:04:25,155 [WARN] from com.sun.jna.Native in WatchService for /Users/fernandovillalba/Desktop/Máster/CloudComputing/Servicios REST/play-samples-play-java-hello-world-tutorial/app - JNA: Callback io.methvin.watchservice.MacOSXListeningWatchService$MacOSXListeningCallback@32193119 threw the following exception
java.lang.IllegalStateException: Could not recursively list files for /
	at io.methvin.watchservice.MacOSXListeningWatchService$MacOSXListeningCallback.invoke(MacOSXListeningWatchService.java:268)
	at sun.reflect.GeneratedMethodAccessor11.invoke(Unknown Source)
	at sun.reflect.DelegatingMethodAccessorImpl.invoke(DelegatingMethodAccessorImpl.java:43)
	at java.lang.reflect.Method.invoke(Method.java:498)
	at com.sun.jna.CallbackReference$DefaultCallbackProxy.invokeCallback(CallbackReference.java:520)
	at com.sun.jna.CallbackReference$DefaultCallbackProxy.callback(CallbackReference.java:551)
	at com.sun.jna.Native.invokeVoid(Native Method)
	at com.sun.jna.Function.invoke(Function.java:415)
	at com.sun.jna.Function.invoke(Function.java:361)
	at com.sun.jna.Library$Handler.invoke(Library.java:265)
	at com.sun.proxy.$Proxy13.CFRunLoopRun(Unknown Source)
	at io.methvin.watchservice.MacOSXListeningWatchService$CFRunLoopThread.run(MacOSXListeningWatchService.java:179)
Caused by: java.nio.file.AccessDeniedException: /usr/sbin/authserver
	at sun.nio.fs.UnixException.translateToIOException(UnixException.java:84)
	at sun.nio.fs.UnixException.rethrowAsIOException(UnixException.java:102)
	at sun.nio.fs.UnixException.rethrowAsIOException(UnixException.java:107)
	at sun.nio.fs.UnixFileSystemProvider.newDirectoryStream(UnixFileSystemProvider.java:407)
	at java.nio.file.Files.newDirectoryStream(Files.java:457)
	at java.nio.file.FileTreeWalker.visit(FileTreeWalker.java:300)
	at java.nio.file.FileTreeWalker.next(FileTreeWalker.java:372)
	at java.nio.file.Files.walkFileTree(Files.java:2706)
	at java.nio.file.Files.walkFileTree(Files.java:2742)
	at io.methvin.watcher.PathUtils.recursiveVisitFiles(PathUtils.java:108)
	at io.methvin.watcher.PathUtils.recursiveListFiles(PathUtils.java:97)
	at io.methvin.watchservice.MacOSXListeningWatchService$MacOSXListeningCallback.invoke(MacOSXListeningWatchService.java:266)
	... 11 common frames omitted
2022-02-12 19:04:42,152 [WARN] from com.sun.jna.Native in WatchService for /Users/fernandovillalba/Desktop/Máster/CloudComputing/Servicios REST/play-samples-play-java-hello-world-tutorial/app - JNA: Callback io.methvin.watchservice.MacOSXListeningWatchService$MacOSXListeningCallback@32193119 threw the following exception
java.lang.IllegalStateException: Could not recursively list files for /
	at io.methvin.watchservice.MacOSXListeningWatchService$MacOSXListeningCallback.invoke(MacOSXListeningWatchService.java:268)
	at sun.reflect.GeneratedMethodAccessor11.invoke(Unknown Source)
	at sun.reflect.DelegatingMethodAccessorImpl.invoke(DelegatingMethodAccessorImpl.java:43)
	at java.lang.reflect.Method.invoke(Method.java:498)
	at com.sun.jna.CallbackReference$DefaultCallbackProxy.invokeCallback(CallbackReference.java:520)
	at com.sun.jna.CallbackReference$DefaultCallbackProxy.callback(CallbackReference.java:551)
	at com.sun.jna.Native.invokeVoid(Native Method)
	at com.sun.jna.Function.invoke(Function.java:415)
	at com.sun.jna.Function.invoke(Function.java:361)
	at com.sun.jna.Library$Handler.invoke(Library.java:265)
	at com.sun.proxy.$Proxy13.CFRunLoopRun(Unknown Source)
	at io.methvin.watchservice.MacOSXListeningWatchService$CFRunLoopThread.run(MacOSXListeningWatchService.java:179)
Caused by: java.nio.file.AccessDeniedException: /usr/sbin/authserver
	at sun.nio.fs.UnixException.translateToIOException(UnixException.java:84)
	at sun.nio.fs.UnixException.rethrowAsIOException(UnixException.java:102)
	at sun.nio.fs.UnixException.rethrowAsIOException(UnixException.java:107)
	at sun.nio.fs.UnixFileSystemProvider.newDirectoryStream(UnixFileSystemProvider.java:407)
	at java.nio.file.Files.newDirectoryStream(Files.java:457)
	at java.nio.file.FileTreeWalker.visit(FileTreeWalker.java:300)
	at java.nio.file.FileTreeWalker.next(FileTreeWalker.java:372)
	at java.nio.file.Files.walkFileTree(Files.java:2706)
	at java.nio.file.Files.walkFileTree(Files.java:2742)
	at io.methvin.watcher.PathUtils.recursiveVisitFiles(PathUtils.java:108)
	at io.methvin.watcher.PathUtils.recursiveListFiles(PathUtils.java:97)
	at io.methvin.watchservice.MacOSXListeningWatchService$MacOSXListeningCallback.invoke(MacOSXListeningWatchService.java:266)
	... 11 common frames omitted
2022-02-12 19:04:46,077 [WARN] from com.sun.jna.Native in WatchService for /Users/fernandovillalba/Desktop/Máster/CloudComputing/Servicios REST/play-samples-play-java-hello-world-tutorial/app - JNA: Callback io.methvin.watchservice.MacOSXListeningWatchService$MacOSXListeningCallback@32193119 threw the following exception
java.lang.IllegalStateException: Could not recursively list files for /
	at io.methvin.watchservice.MacOSXListeningWatchService$MacOSXListeningCallback.invoke(MacOSXListeningWatchService.java:268)
	at sun.reflect.GeneratedMethodAccessor11.invoke(Unknown Source)
	at sun.reflect.DelegatingMethodAccessorImpl.invoke(DelegatingMethodAccessorImpl.java:43)
	at java.lang.reflect.Method.invoke(Method.java:498)
	at com.sun.jna.CallbackReference$DefaultCallbackProxy.invokeCallback(CallbackReference.java:520)
	at com.sun.jna.CallbackReference$DefaultCallbackProxy.callback(CallbackReference.java:551)
	at com.sun.jna.Native.invokeVoid(Native Method)
	at com.sun.jna.Function.invoke(Function.java:415)
	at com.sun.jna.Function.invoke(Function.java:361)
	at com.sun.jna.Library$Handler.invoke(Library.java:265)
	at com.sun.proxy.$Proxy13.CFRunLoopRun(Unknown Source)
	at io.methvin.watchservice.MacOSXListeningWatchService$CFRunLoopThread.run(MacOSXListeningWatchService.java:179)
Caused by: java.nio.file.AccessDeniedException: /usr/sbin/authserver
	at sun.nio.fs.UnixException.translateToIOException(UnixException.java:84)
	at sun.nio.fs.UnixException.rethrowAsIOException(UnixException.java:102)
	at sun.nio.fs.UnixException.rethrowAsIOException(UnixException.java:107)
	at sun.nio.fs.UnixFileSystemProvider.newDirectoryStream(UnixFileSystemProvider.java:407)
	at java.nio.file.Files.newDirectoryStream(Files.java:457)
	at java.nio.file.FileTreeWalker.visit(FileTreeWalker.java:300)
	at java.nio.file.FileTreeWalker.next(FileTreeWalker.java:372)
	at java.nio.file.Files.walkFileTree(Files.java:2706)
	at java.nio.file.Files.walkFileTree(Files.java:2742)
	at io.methvin.watcher.PathUtils.recursiveVisitFiles(PathUtils.java:108)
	at io.methvin.watcher.PathUtils.recursiveListFiles(PathUtils.java:97)
	at io.methvin.watchservice.MacOSXListeningWatchService$MacOSXListeningCallback.invoke(MacOSXListeningWatchService.java:266)
	... 11 common frames omitted
2022-02-12 19:04:50,269 [INFO] from play.api.internal.libs.concurrent.CoordinatedShutdownSupport in pool-49-thread-1 - Starting synchronous coordinated shutdown with ServerStoppedReason reason and 35000 milliseconds timeout
2022-02-12 19:04:50,272 [INFO] from play.core.server.AkkaHttpServer in pool-49-thread-1 - Stopping Akka HTTP server...
2022-02-12 19:04:50,284 [INFO] from play.core.server.AkkaHttpServer in play-dev-mode-akka.actor.internal-dispatcher-13 - Terminating server binding for /0:0:0:0:0:0:0:0:9000
2022-02-12 19:04:50,305 [INFO] from play.api.db.HikariCPConnectionPool in application-akka.actor.internal-dispatcher-5 - Shutting down connection pool.
2022-02-12 19:04:50,355 [INFO] from play.core.server.AkkaHttpServer in play-dev-mode-akka.actor.internal-dispatcher-13 - Running provided shutdown stop hooks
